<?xml version="1.0" encoding="UTF-8"?>
<!-- Generated by org.testng.reporters.JUnitReportReporter -->
<testsuite hostname="01HW2009419" failures="0" tests="1" name="com.MTS.test.AdminUserTestClass" time="104.680" errors="0" timestamp="2023-08-11T10:54:15 IST" skipped="0">
  <testcase classname="com.MTS.test.AdminUserTestClass" name="MTS_AdminUser_001_Activate_DeactivateUser" time="104.680">
    <system-out>
      <![CDATA[[TEST METHOD] [11/Aug/2023 10:26:00] :: ABOUT TO BEGIN EXECUTING :: MTS_AdminUser_001_Activate_DeactivateUser

[INFO] [11/Aug/2023 10:26:39] :: LOGIN TO MTS !!!
[INFO] [11/Aug/2023 10:26:49] :: CLICKED ON 'MTS' LOGO!!!
[INFO] [11/Aug/2023 10:26:50] :: MTS APPLICATIONS NAVIGATION TABS OF 'ADMIN' ROLE IS VERIFIED!!!
[INFO] [11/Aug/2023 10:26:56] :: ADMIN USER TAB IS CLICKED !!!
[INFO] [11/Aug/2023 10:26:56] :: ADMIN USER SCREEN IS VERIFIED !!!_
[INFO] [11/Aug/2023 10:26:58] :: USER RECORDS ARE FOUND !!!
[INFO] [11/Aug/2023 10:26:58] :: CAPTURE THE USERID : 'T5880AW'!!!
[INFO] [11/Aug/2023 10:27:04] :: SEARCH IS PERFORMED !!!
[INFO] [11/Aug/2023 10:27:06] :: SELECT THE CHECKBOX OF USER ID : 'T5880AW'!!!
[INFO] [11/Aug/2023 10:27:10] :: CLICKED ON 'DEACTIVATE USER' BUTTON!!!
[INFO] [11/Aug/2023 10:27:10] :: Expected Message :: User Deactivated Successfully || Actual Message :: User Deactivated Successfully
[INFO] [11/Aug/2023 10:27:10] :: MESSAGE IS CAPTURED !!!
[INFO] [11/Aug/2023 10:27:17] :: USER ID : 'T5880AW' DEACTIVATED SUCCESSFULLY!!!
[INFO] [11/Aug/2023 10:27:23] :: SEARCH IS PERFORMED !!!
[INFO] [11/Aug/2023 10:27:23] :: USER RECORDS ARE FOUND !!!
[INFO] [11/Aug/2023 10:27:23] :: CAPTURE THE USERID : 'T5880AW'!!!
[INFO] [11/Aug/2023 10:27:27] :: CLICKED ON USERID : 'T5880AW' HYPERLINK!!!
[INFO] [11/Aug/2023 10:27:30] :: ADMIN USER DETAILS (NON-EDITABLE) SCREEN IS VERIFIED!!!
[INFO] [11/Aug/2023 10:27:34] :: ADMIN USER DETAILS (EDITABLE) SCREEN IS VERIFIED!!!
[INFO] [11/Aug/2023 10:27:36] :: Expected Message :: Update Successfully || Actual Message :: Update Successfully
[INFO] [11/Aug/2023 10:27:36] :: MESSAGE IS CAPTURED !!!
[INFO] [11/Aug/2023 10:27:45] :: ADMIN USER DETAILS ARE UPDATED!!!
[INFO] [11/Aug/2023 10:27:45] :: USER ID : 'T5880AW' ACTIVATED SUCCESSFULLY!!!
[INFO] [11/Aug/2023 10:27:45] :: Test Method resides in com.MTS.test.AdminUserTestClass

[INFO] [11/Aug/2023 10:27:45] :: Test Method : MTS_AdminUser_001_Activate_DeactivateUser

[INFO] [11/Aug/2023 10:27:45] :: Test Method had the following parameters : Admin

[INFO] [11/Aug/2023 10:27:45] :: Test Status : PASSED
]]>
    </system-out>
  </testcase> <!-- MTS_AdminUser_001_Activate_DeactivateUser -->
  <system-out>
    <![CDATA[[SUITE] [11/Aug/2023 10:25:53] :: ABOUT TO BEGIN EXECUTING :: Admin

[INFO] [11/Aug/2023 10:25:53] :: STARTED REPORT CREATION !!!
[TEST] [11/Aug/2023 10:25:53] :: ABOUT TO BEGIN EXECUTING :: Lookup - Material Type

[INFO] [11/Aug/2023 10:26:00] :: 'Headless_Chrome' BROWSER IS LAUNCHED !!!
[TEST] [11/Aug/2023 10:25:53] :: ABOUT TO BEGIN EXECUTING :: Master Development

[INFO] [11/Aug/2023 10:26:00] :: 'Headless_Chrome' BROWSER IS LAUNCHED !!!
[TEST] [11/Aug/2023 10:25:53] :: ABOUT TO BEGIN EXECUTING :: Admin User

[INFO] [11/Aug/2023 10:26:00] :: 'Headless_Chrome' BROWSER IS LAUNCHED !!!
[TEST] [11/Aug/2023 10:25:53] :: ABOUT TO BEGIN EXECUTING :: Supplier Management

[INFO] [11/Aug/2023 10:26:00] :: 'Headless_Chrome' BROWSER IS LAUNCHED !!!
[TEST METHOD] [11/Aug/2023 10:26:00] :: ABOUT TO BEGIN EXECUTING :: MTS_MasterDevelopment_001

[TEST METHOD] [11/Aug/2023 10:26:00] :: ABOUT TO BEGIN EXECUTING :: MTS_MaterialType_001

[TEST METHOD] [11/Aug/2023 10:26:00] :: ABOUT TO BEGIN EXECUTING :: MTS_SupplierManagement_001

[TEST METHOD] [11/Aug/2023 10:26:00] :: ABOUT TO BEGIN EXECUTING :: MTS_AdminUser_001_Activate_DeactivateUser

[TEST] [11/Aug/2023 10:25:53] :: ABOUT TO BEGIN EXECUTING :: Lookup - Administartion

[INFO] [11/Aug/2023 10:26:00] :: 'Headless_Chrome' BROWSER IS LAUNCHED !!!
[TEST METHOD] [11/Aug/2023 10:26:00] :: ABOUT TO BEGIN EXECUTING :: MTS_LookUpAdministration_001

[INFO] [11/Aug/2023 10:26:35] :: LOGIN TO MTS !!!
[INFO] [11/Aug/2023 10:26:35] :: LOGIN TO MTS !!!
[INFO] [11/Aug/2023 10:26:36] :: LOGIN TO MTS !!!
[INFO] [11/Aug/2023 10:26:36] :: LOGIN TO MTS !!!
[INFO] [11/Aug/2023 10:26:36] :: Test Method resides in com.MTS.test.MasterDevelopmentTestClass

[INFO] [11/Aug/2023 10:26:36] :: Test Method : MTS_MasterDevelopment_001

[INFO] [11/Aug/2023 10:26:36] :: Test Method had the following parameters : Admin

[INFO] [11/Aug/2023 10:26:36] :: Test Status : PASSED

[TEST METHOD] [11/Aug/2023 10:26:37] :: ABOUT TO BEGIN EXECUTING :: MTS_MasterDevelopment_002

[INFO] [11/Aug/2023 10:26:39] :: LOGIN TO MTS !!!
[INFO] [11/Aug/2023 10:26:46] :: CLICKED ON 'MTS' LOGO!!!
[INFO] [11/Aug/2023 10:26:46] :: CLICKED ON 'MTS' LOGO!!!
[INFO] [11/Aug/2023 10:26:46] :: MTS APPLICATIONS NAVIGATION TABS OF 'ADMIN' ROLE IS VERIFIED!!!
[INFO] [11/Aug/2023 10:26:46] :: MTS APPLICATIONS NAVIGATION TABS OF 'ADMIN' ROLE IS VERIFIED!!!
[INFO] [11/Aug/2023 10:26:46] :: CLICKED ON 'MTS' LOGO!!!
[INFO] [11/Aug/2023 10:26:47] :: CLICKED ON 'MTS' LOGO!!!
[INFO] [11/Aug/2023 10:26:47] :: MTS APPLICATIONS NAVIGATION TABS OF 'ADMIN' ROLE IS VERIFIED!!!
[INFO] [11/Aug/2023 10:26:47] :: MTS APPLICATIONS NAVIGATION TABS OF 'ADMIN' ROLE IS VERIFIED!!!
[INFO] [11/Aug/2023 10:26:49] :: CLICKED ON 'MTS' LOGO!!!
[INFO] [11/Aug/2023 10:26:50] :: MTS APPLICATIONS NAVIGATION TABS OF 'ADMIN' ROLE IS VERIFIED!!!
[INFO] [11/Aug/2023 10:26:50] :: MASTER DEVELOPMENT (All SASFs) SCREEN IS VERIFIED!!!
[INFO] [11/Aug/2023 10:26:51] :: CLICKED ON 'LOOKUP - ADMINISTARTION' TAB.!!!
[INFO] [11/Aug/2023 10:26:51] :: 'LOOKUP - ADMINISTRATION' SCREEN IS VERIFIED!!!
[INFO] [11/Aug/2023 10:26:51] :: CLICKED ON 'SUPPLIER MANAGEMENT' TAB!!!
[INFO] [11/Aug/2023 10:26:51] :: LOOKUP - MATERIAL TYPE TAB IS CLICKED !!!
[INFO] [11/Aug/2023 10:26:52] :: 'ALL SUPPLIER' SCREEN IS VERIFIED!!!
[INFO] [11/Aug/2023 10:26:52] :: LOOKUP - MATERIAL TYPE SCREEN IS VERIFIED!!!
[INFO] [11/Aug/2023 10:26:52] :: CLICKED ON 'MY SASF' BUTTON!!!
[INFO] [11/Aug/2023 10:26:53] :: Test Method resides in com.MTS.test.LookUpAdministrationTestClass

[INFO] [11/Aug/2023 10:26:53] :: Test Method : MTS_LookUpAdministration_001

[INFO] [11/Aug/2023 10:26:53] :: Test Method had the following parameters : Admin

[INFO] [11/Aug/2023 10:26:53] :: Test Status : PASSED

[TEST METHOD] [11/Aug/2023 10:26:53] :: ABOUT TO BEGIN EXECUTING :: MTS_LookUpAdministration_002_Add_Edit_Deactivate_Activate

[INFO] [11/Aug/2023 10:26:53] :: LOOKUP - ADMINISTRATION (MODEL YEAR) SCREEN IS VERIFIED!!!
[INFO] [11/Aug/2023 10:26:54] :: Test Method resides in com.MTS.test.SupplierManagementTestClass

[INFO] [11/Aug/2023 10:26:54] :: Test Method : MTS_SupplierManagement_001

[INFO] [11/Aug/2023 10:26:54] :: Test Method had the following parameters : Admin

[INFO] [11/Aug/2023 10:26:54] :: Test Status : PASSED

[TEST METHOD] [11/Aug/2023 10:26:54] :: ABOUT TO BEGIN EXECUTING :: MTS_SupplierManagement_002_AddNewSupplier

[INFO] [11/Aug/2023 10:26:54] :: Test Method resides in com.MTS.test.LookUpMaterialTypeTestClass

[INFO] [11/Aug/2023 10:26:54] :: Test Method : MTS_MaterialType_001

[INFO] [11/Aug/2023 10:26:54] :: Test Method had the following parameters : Admin

[INFO] [11/Aug/2023 10:26:54] :: Test Status : PASSED

[TEST METHOD] [11/Aug/2023 10:26:54] :: ABOUT TO BEGIN EXECUTING :: MTS_MaterialType_002_AddNewMaterialType

[INFO] [11/Aug/2023 10:26:55] :: MASTER DEVELOPMENT (My SASFs) SCREEN IS VERIFIED!!!
[INFO] [11/Aug/2023 10:26:56] :: CLICKED ON 'ADD NEW SUPPLIER' BUTTON!!!
[INFO] [11/Aug/2023 10:26:56] :: CLICKED ON 'ADD NEW MATERIAL TYPE' BUTTON!!!
[INFO] [11/Aug/2023 10:26:56] :: ADMIN USER TAB IS CLICKED !!!
[INFO] [11/Aug/2023 10:26:56] :: ADMIN USER SCREEN IS VERIFIED !!!_
[INFO] [11/Aug/2023 10:26:57] :: CLICKED ON 'ADD NEW VALUE' BUTTON!!!
[INFO] [11/Aug/2023 10:26:58] :: 'ADD LOOKUP - MATERIAL TYPE' DIALOG IS DISPLAYED AND VERIFIED!!!
[INFO] [11/Aug/2023 10:26:58] :: 'SUPPLIER TYPE' IS SELECTED!!!
[INFO] [11/Aug/2023 10:26:58] :: USER RECORDS ARE FOUND !!!
[INFO] [11/Aug/2023 10:26:58] :: CAPTURE THE USERID : 'T5880AW'!!!
[INFO] [11/Aug/2023 10:27:00] :: 'CREATE NEW LOOKUP VALUE' DIALOG IS DISPLAYED!!!
[INFO] [11/Aug/2023 10:27:00] :: CLICKED ON 'MTS' LOGO!!!
[INFO] [11/Aug/2023 10:27:01] :: 'CREATE SUPPLIER' SCREEN IS VERIFIED!!!
[INFO] [11/Aug/2023 10:27:02] :: CLICKED ON 'ALL SASF' BUTTON!!!
[INFO] [11/Aug/2023 10:27:02] :: Test Method resides in com.MTS.test.MasterDevelopmentTestClass

[INFO] [11/Aug/2023 10:27:02] :: Test Method : MTS_MasterDevelopment_002

[INFO] [11/Aug/2023 10:27:02] :: Test Method had the following parameters : Admin

[INFO] [11/Aug/2023 10:27:02] :: Test Status : PASSED

[TEST METHOD] [11/Aug/2023 10:27:02] :: ABOUT TO BEGIN EXECUTING :: MTS_MasterDevelopment_003_Search

[INFO] [11/Aug/2023 10:27:02] :: SASF RECORDS ARE FOUND!!!
[INFO] [11/Aug/2023 10:27:02] :: SASF RECORDS ARE FOUND!!!
[INFO] [11/Aug/2023 10:27:02] :: CAPTURED THE SASF NO.: '08/04/2023***3' || STATUS: 'Rescinded' || CREATOR: 'VENKATESH KAMATH'.
[INFO] [11/Aug/2023 10:27:04] :: SEARCH IS PERFORMED !!!
[INFO] [11/Aug/2023 10:27:06] :: Expected Message :: Saved Successfully || Actual Message :: Saved Successfully
[INFO] [11/Aug/2023 10:27:06] :: MESSAGE IS CAPTURED !!!
[INFO] [11/Aug/2023 10:27:06] :: SELECT THE CHECKBOX OF USER ID : 'T5880AW'!!!
[INFO] [11/Aug/2023 10:27:08] :: '08/04/2023***3' IS SEARCHED!!!
[INFO] [11/Aug/2023 10:27:08] :: SASF RECORDS ARE FOUND!!!
[INFO] [11/Aug/2023 10:27:10] :: CLICKED ON 'DEACTIVATE USER' BUTTON!!!
[INFO] [11/Aug/2023 10:27:10] :: Expected Message :: User Deactivated Successfully || Actual Message :: User Deactivated Successfully
[INFO] [11/Aug/2023 10:27:10] :: MESSAGE IS CAPTURED !!!
[INFO] [11/Aug/2023 10:27:11] :: Expected Message :: Successfully Added || Actual Message :: Successfully Added
[INFO] [11/Aug/2023 10:27:11] :: MESSAGE IS CAPTURED !!!
[INFO] [11/Aug/2023 10:27:12] :: CLICKED ON 'PRINT' BUTTON!!!
[INFO] [11/Aug/2023 10:27:13] :: LOOKUP - MATERIAL TYPE : 'Test_Wjw_6226' IS ADDED!!!
[INFO] [11/Aug/2023 10:27:13] :: Test Method resides in com.MTS.test.LookUpMaterialTypeTestClass

[INFO] [11/Aug/2023 10:27:13] :: Test Method : MTS_MaterialType_002_AddNewMaterialType

[INFO] [11/Aug/2023 10:27:13] :: Test Status : PASSED

[TEST METHOD] [11/Aug/2023 10:27:13] :: ABOUT TO BEGIN EXECUTING :: MTS_MaterialType_003_EditMaterialType

[INFO] [11/Aug/2023 10:27:15] :: 'MATERIAL TYPE' IS SELECTED!!!
[INFO] [11/Aug/2023 10:27:17] :: EXPECTED FILE :: SearchResult.pdf || ACTUAL FILE :: SearchResult.pdf
[INFO] [11/Aug/2023 10:27:17] :: FILE IS DOWNLOADED!!!
[INFO] [11/Aug/2023 10:27:17] :: FILE IS DELETED!!!
[INFO] [11/Aug/2023 10:27:17] :: USER ID : 'T5880AW' DEACTIVATED SUCCESSFULLY!!!
[INFO] [11/Aug/2023 10:27:18] :: LOOKUP VALUE ADDED SUCCESSFULLY!!!
[INFO] [11/Aug/2023 10:27:18] :: 'Test_Wjw_6226' IS SEARCHED!!!
[INFO] [11/Aug/2023 10:27:18] :: LOOKUP - MATERIAL TYPE RECORDS ARE FOUND!!!
[INFO] [11/Aug/2023 10:27:18] :: CAPTURE THE LOOKUP - MATERIAL TYPE : 'TEST_WJW_6226' AND STATUS : 'ACTIVE'!!!
[INFO] [11/Aug/2023 10:27:20] :: SELECT THE CHECKBOX OF MATERIAL TYPE : 'TEST_WJW_6226' AND STATUS : 'ACTIVE'!!!
[INFO] [11/Aug/2023 10:27:21] :: Expected Message :: Supplier Added Successfully || Actual Message :: Supplier Added Successfully
[INFO] [11/Aug/2023 10:27:21] :: MESSAGE IS CAPTURED !!!
[INFO] [11/Aug/2023 10:27:22] :: CLICKED ON 'MTS' LOGO!!!
[INFO] [11/Aug/2023 10:27:23] :: CLICKED ON 'EDIT SELECTED' BUTTON!!!
[INFO] [11/Aug/2023 10:27:23] :: SEARCH IS PERFORMED !!!
[INFO] [11/Aug/2023 10:27:23] :: USER RECORDS ARE FOUND !!!
[INFO] [11/Aug/2023 10:27:23] :: CAPTURE THE USERID : 'T5880AW'!!!
[INFO] [11/Aug/2023 10:27:23] :: '4328' IS SEARCHED!!!
[INFO] [11/Aug/2023 10:27:24] :: EDITABLE LOOKUP - MATERIAL TYPE (TEST_WJW_6226) RECORD IS FOUND!!!
[INFO] [11/Aug/2023 10:27:25] :: CLICKED ON 'ALL SASF' BUTTON!!!
[INFO] [11/Aug/2023 10:27:25] :: Test Method resides in com.MTS.test.MasterDevelopmentTestClass

[INFO] [11/Aug/2023 10:27:25] :: Test Method : MTS_MasterDevelopment_003_Search

[INFO] [11/Aug/2023 10:27:25] :: Test Method had the following parameters : Admin

[INFO] [11/Aug/2023 10:27:25] :: Test Status : PASSED

[TEST METHOD] [11/Aug/2023 10:27:25] :: ABOUT TO BEGIN EXECUTING :: MTS_MasterDevelopment_004_AdvancedSearch

[INFO] [11/Aug/2023 10:27:25] :: SASF RECORDS ARE FOUND!!!
[INFO] [11/Aug/2023 10:27:25] :: SASF RECORDS ARE FOUND!!!
[INFO] [11/Aug/2023 10:27:25] :: CAPTURED THE SASF NO.: '07/28/2023***5' || STATUS: 'Conditional' || CREATOR: 'VENKATESH KAMATH'.
[INFO] [11/Aug/2023 10:27:25] :: LOOKUP VALUE RECORDS ARE FOUND !!!
[INFO] [11/Aug/2023 10:27:25] :: CAPTURE THE LOOKUP VALUE : '4328' AND STATUS : 'ACTIVE'!!!
[INFO] [11/Aug/2023 10:27:27] :: CLICKED ON 'ADVANCED SEARCH' HYPERLINK!!!
[INFO] [11/Aug/2023 10:27:27] :: ADVANCED SEARCH DIALOG IS DISPLAYED!!!
[INFO] [11/Aug/2023 10:27:27] :: CLICKED ON USERID : 'T5880AW' HYPERLINK!!!
[INFO] [11/Aug/2023 10:27:27] :: SELECT THE CHECKBOX OF LOOKUP VALUE : '4328' AND STATUS : 'ACTIVE'!!!
[INFO] [11/Aug/2023 10:27:30] :: CLICKED ON 'EDIT SELECTED' BUTTON!!!
[INFO] [11/Aug/2023 10:27:30] :: ADMIN USER DETAILS (NON-EDITABLE) SCREEN IS VERIFIED!!!
[INFO] [11/Aug/2023 10:27:31] :: EDITABLE LOOKUP VALUE RECORD IS FOUND!!!
[INFO] [11/Aug/2023 10:27:32] :: CLICKED ON 'SAVE CHANGES' BUTTON!!!
[INFO] [11/Aug/2023 10:27:32] :: Expected Message :: Material Updated successfully || Actual Message :: Material Updated successfully
[INFO] [11/Aug/2023 10:27:32] :: MESSAGE IS CAPTURED !!!
[INFO] [11/Aug/2023 10:27:32] :: NEW SEPPLIER ADDED SUCCESSFULLY!!!
[INFO] [11/Aug/2023 10:27:34] :: ADMIN USER DETAILS (EDITABLE) SCREEN IS VERIFIED!!!
[INFO] [11/Aug/2023 10:27:36] :: Expected Message :: Update Successfully || Actual Message :: Update Successfully
[INFO] [11/Aug/2023 10:27:36] :: MESSAGE IS CAPTURED !!!
[INFO] [11/Aug/2023 10:27:37] :: 'Orkjv LTD' IS SEARCHED!!!
[INFO] [11/Aug/2023 10:27:39] :: Test Method resides in com.MTS.test.SupplierManagementTestClass

[INFO] [11/Aug/2023 10:27:39] :: Test Method : MTS_SupplierManagement_002_AddNewSupplier

[INFO] [11/Aug/2023 10:27:39] :: Test Method had the following parameters : Admin

[INFO] [11/Aug/2023 10:27:39] :: Test Status : PASSED

[TEST METHOD] [11/Aug/2023 10:27:39] :: ABOUT TO BEGIN EXECUTING :: MTS_SupplierManagement_003_Activate_Deactivate

[INFO] [11/Aug/2023 10:27:39] :: SUPPLIER RECORDS ARE FOUND!!!
[INFO] [11/Aug/2023 10:27:39] :: CAPTURED THE SUPPLIER : 'ORKJV LTD'
[INFO] [11/Aug/2023 10:27:39] :: LOOKUP - MATERIAL TYPE UPDATED SUCCESSFULLY!!!
[INFO] [11/Aug/2023 10:27:41] :: SELECT THE CHECKBOX OF SUPPLIER : 'ORKJV LTD'!!!
[INFO] [11/Aug/2023 10:27:42] :: CLICKED ON 'SAVE CHANGES' BUTTON!!!
[INFO] [11/Aug/2023 10:27:42] :: Expected Message :: 1 data updated || Actual Message :: 1 data updated
[INFO] [11/Aug/2023 10:27:42] :: MESSAGE IS CAPTURED !!!
[INFO] [11/Aug/2023 10:27:45] :: 'TEST_WJW_6226_5222' IS SEARCHED!!!
[INFO] [11/Aug/2023 10:27:45] :: CLICKED ON 'DEACTIVATE' BUTTON!!!
[INFO] [11/Aug/2023 10:27:45] :: Expected Message :: 1 record deactivated Successfully !!
Actual Message :: 1 record deactivated Successfully !!
[INFO] [11/Aug/2023 10:27:45] :: ADMIN USER DETAILS ARE UPDATED!!!
[INFO] [11/Aug/2023 10:27:45] :: USER ID : 'T5880AW' ACTIVATED SUCCESSFULLY!!!
[INFO] [11/Aug/2023 10:27:45] :: Test Method resides in com.MTS.test.AdminUserTestClass

[INFO] [11/Aug/2023 10:27:45] :: Test Method : MTS_AdminUser_001_Activate_DeactivateUser

[INFO] [11/Aug/2023 10:27:45] :: Test Method had the following parameters : Admin

[INFO] [11/Aug/2023 10:27:45] :: Test Status : PASSED

[INFO] [11/Aug/2023 10:27:46] :: BROWSER IS CLOSED !!!
[INFO] [11/Aug/2023 10:27:46] :: Test Method resides in com.MTS.test.LookUpMaterialTypeTestClass

[INFO] [11/Aug/2023 10:27:46] :: Test Method : MTS_MaterialType_003_EditMaterialType

[INFO] [11/Aug/2023 10:27:46] :: Test Status : PASSED

[TEST METHOD] [11/Aug/2023 10:27:46] :: ABOUT TO BEGIN EXECUTING :: MTS_MaterialType_004_Deactivate_Activate

[INFO] [11/Aug/2023 10:27:46] :: LOOKUP - MATERIAL TYPE RECORDS ARE FOUND!!!
[INFO] [11/Aug/2023 10:27:47] :: CAPTURE THE LOOKUP - MATERIAL TYPE : 'TEST_WJW_6226_5222' AND STATUS : 'ACTIVE'!!!
[TEST] [11/Aug/2023 10:27:46] :: COMPLETED EXECUTION :: Admin User

[TEST] [11/Aug/2023 10:27:46] :: ABOUT TO BEGIN EXECUTING :: My Profile

[INFO] [11/Aug/2023 10:27:48] :: 'Headless_Chrome' BROWSER IS LAUNCHED !!!
[TEST METHOD] [11/Aug/2023 10:27:48] :: ABOUT TO BEGIN EXECUTING :: MTS_MyProfile_001_ChangeTheme

[INFO] [11/Aug/2023 10:27:49] :: SELECT THE CHECKBOX OF MATERIAL TYPE : 'TEST_WJW_6226_5222' AND STATUS : 'ACTIVE'!!!
[INFO] [11/Aug/2023 10:27:49] :: LOOKUP VALUE UPDATED SUCCESSFULLY!!!
[INFO] [11/Aug/2023 10:27:49] :: SUPPLIER DEACTIVATED SUCCESSFULLY!!!
[INFO] [11/Aug/2023 10:27:49] :: SUPPLIER RECORDS ARE FOUND!!!
[INFO] [11/Aug/2023 10:27:53] :: CLICKED ON 'DEACTIVATE' BUTTON!!!
[INFO] [11/Aug/2023 10:27:53] :: Expected Message :: 1 records deactivated
Actual Message :: 1 records deactivated
[INFO] [11/Aug/2023 10:27:55] :: '1114' IS SEARCHED!!!
[INFO] [11/Aug/2023 10:27:55] :: LOOKUP VALUE RECORDS ARE FOUND !!!
[INFO] [11/Aug/2023 10:27:55] :: CAPTURE THE LOOKUP VALUE : '1114' AND STATUS : 'ACTIVE'!!!
[INFO] [11/Aug/2023 10:27:55] :: 'ORKJV LTD' IS SEARCHED!!!
[INFO] [11/Aug/2023 10:27:57] :: SELECT THE CHECKBOX OF LOOKUP VALUE : '1114' AND STATUS : 'ACTIVE'!!!
[INFO] [11/Aug/2023 10:27:57] :: LOOKUP - MATERIAL TYPE : 'TEST_WJW_6226_5222' DEACTIVATED SUCCESSFULLY!!!
[INFO] [11/Aug/2023 10:27:57] :: SELECT THE CHECKBOX OF SUPPLIER : 'ORKJV LTD'!!!
[INFO] [11/Aug/2023 10:28:01] :: CLICKED ON 'SELECT ADVANCED SEARCH' DROPDOWN !!!
[INFO] [11/Aug/2023 10:28:01] :: CLICKED ON 'DEACTIVATE' BUTTON!!!
[INFO] [11/Aug/2023 10:28:01] :: Expected Message :: Deactivated Successfully || Actual Message :: Deactivated Successfully
[INFO] [11/Aug/2023 10:28:01] :: MESSAGE IS CAPTURED !!!
[INFO] [11/Aug/2023 10:28:01] :: CLICKED ON 'ACTIVATE' BUTTON!!!
[INFO] [11/Aug/2023 10:28:02] :: Expected Message :: 1 record activated Successfully !!
Actual Message :: 1 record activated Successfully !!
[INFO] [11/Aug/2023 10:28:03] :: 'TEST_WJW_6226_5222' IS SEARCHED!!!
[INFO] [11/Aug/2023 10:28:05] :: SELECT THE CHECKBOX OF MATERIAL TYPE : 'TEST_WJW_6226_5222' AND STATUS : 'INACTIVE'!!!
[INFO] [11/Aug/2023 10:28:06] :: SUPPLIER ACTIVATED SUCCESSFULLY!!!
[INFO] [11/Aug/2023 10:28:06] :: Test Method resides in com.MTS.test.SupplierManagementTestClass

[INFO] [11/Aug/2023 10:28:06] :: Test Method : MTS_SupplierManagement_003_Activate_Deactivate

[INFO] [11/Aug/2023 10:28:06] :: Test Status : PASSED

[TEST METHOD] [11/Aug/2023 10:28:06] :: ABOUT TO BEGIN EXECUTING :: MTS_SupplierManagement_004_Edit_Deactivate_Activate

[INFO] [11/Aug/2023 10:28:06] :: SUPPLIER RECORDS ARE FOUND!!!
[INFO] [11/Aug/2023 10:28:06] :: CAPTURED THE SUPPLIER : 'ORKJV LTD'
[INFO] [11/Aug/2023 10:28:08] :: CLICKED ON SUPPLIER NAME : 'ORKJV LTD' HYPERLINK!!!
<b>1) User should be able to view selected Supplier Detail (Non-Editable).</b>
[INFO] [11/Aug/2023 10:28:08] :: LOOKUP VALUE : '1114' DEACTIVATED SUCCESSFULLY!!!
[INFO] [11/Aug/2023 10:28:09] :: CLICKED ON 'ACTIVATE' BUTTON!!!
[INFO] [11/Aug/2023 10:28:09] :: Expected Message :: 1 records Activated Successfully
Actual Message :: 1 records Activated Successfully
[INFO] [11/Aug/2023 10:28:10] :: 'SUPPLIER DETAILS' (NON - EDITABLE) SCREEN IS VERIFIED!!!
<b>2) User Should be able to Edit selected Supplier Details (Editable).</b>
[INFO] [11/Aug/2023 10:28:12] :: CLICKED ON 'EDIT' BUTTON!!!
[INFO] [11/Aug/2023 10:28:13] :: LOOKUP - MATERIAL TYPE : 'TEST_WJW_6226_5222' ACTIVATED SUCCESSFULLY!!!
[INFO] [11/Aug/2023 10:28:13] :: Test Method resides in com.MTS.test.LookUpMaterialTypeTestClass

[INFO] [11/Aug/2023 10:28:13] :: Test Method : MTS_MaterialType_004_Deactivate_Activate

[INFO] [11/Aug/2023 10:28:13] :: Test Status : PASSED

[INFO] [11/Aug/2023 10:28:13] :: '1114' IS SEARCHED!!!
[INFO] [11/Aug/2023 10:28:14] :: BROWSER IS CLOSED !!!
[INFO] [11/Aug/2023 10:28:15] :: SELECT THE ADV. SEARCH CATAGORY IS 'Designer Name' AND VALUE IS 'VENKATESH KAMATH'!!!
[INFO] [11/Aug/2023 10:28:15] :: 'SUPPLIER DETAILS' (EDITABLE) SCREEN IS VERIFIED!!!
[INFO] [11/Aug/2023 10:28:16] :: SELECT THE CHECKBOX OF LOOKUP VALUE : '1114' AND STATUS : 'INACTIVE'!!!
[INFO] [11/Aug/2023 10:28:19] :: CLICKED ON 'SEARCH' BUTTON!!!
[INFO] [11/Aug/2023 10:28:19] :: SASF RECORDS ARE FOUND!!!
[INFO] [11/Aug/2023 10:28:20] :: CLICKED ON 'ACTIVATE' BUTTON!!!
[INFO] [11/Aug/2023 10:28:20] :: Expected Message :: Activated Successfully || Actual Message :: Activated Successfully
[INFO] [11/Aug/2023 10:28:20] :: MESSAGE IS CAPTURED !!!
[INFO] [11/Aug/2023 10:28:22] :: LOGIN TO MTS !!!
[INFO] [11/Aug/2023 10:28:23] :: CLICKED ON 'PRINT' BUTTON!!!
[INFO] [11/Aug/2023 10:28:24] :: Expected Message :: Saved Successfully || Actual Message :: Saved Successfully
[INFO] [11/Aug/2023 10:28:24] :: MESSAGE IS CAPTURED !!!
[INFO] [11/Aug/2023 10:28:27] :: LOOKUP VALUE : '1114' ACTIVATED SUCCESSFULLY!!!
[INFO] [11/Aug/2023 10:28:27] :: Test Method resides in com.MTS.test.LookUpAdministrationTestClass

[INFO] [11/Aug/2023 10:28:27] :: Test Method : MTS_LookUpAdministration_002_Add_Edit_Deactivate_Activate

[INFO] [11/Aug/2023 10:28:27] :: Test Method had the following parameters : , Admin, MODEL YEAR

[INFO] [11/Aug/2023 10:28:27] :: Test Status : PASSED

[TEST METHOD] [11/Aug/2023 10:28:27] :: ABOUT TO BEGIN EXECUTING :: MTS_LookUpAdministration_002_Add_Edit_Deactivate_Activate

[INFO] [11/Aug/2023 10:28:27] :: LOOKUP - ADMINISTRATION (REGION) SCREEN IS VERIFIED!!!
[INFO] [11/Aug/2023 10:28:28] :: EXPECTED FILE :: SearchResult.pdf || ACTUAL FILE :: SearchResult.pdf
[INFO] [11/Aug/2023 10:28:28] :: FILE IS DOWNLOADED!!!
[INFO] [11/Aug/2023 10:28:28] :: FILE IS DELETED!!!
[INFO] [11/Aug/2023 10:28:31] :: EDITED 'SUPPLIER DETAILS' SAVED SUCCESSFULLY!!!
</b>3) User should be able to Perform 'Deactivate' Supplier., and if User has role like Admin, Designer or Engineer then User able to 'Activate' Same Supplier, Otherwise NOT.</b>
[INFO] [11/Aug/2023 10:28:31] :: CLICKED ON 'ADD NEW VALUE' BUTTON!!!
[INFO] [11/Aug/2023 10:28:32] :: CLICKED ON 'MTS' LOGO!!!
[INFO] [11/Aug/2023 10:28:33] :: MTS APPLICATIONS NAVIGATION TABS OF 'ADMIN' ROLE IS VERIFIED!!!
[INFO] [11/Aug/2023 10:28:33] :: CLICKED ON 'DEACTIVATE SUPPLIER' BUTTON!!!
[INFO] [11/Aug/2023 10:28:33] :: Expected Message :: Deactivated Supplier Successfully
Actual Message :: Deactivated Supplier Successfully
[INFO] [11/Aug/2023 10:28:33] :: CLICKED ON 'MTS' LOGO!!!
[INFO] [11/Aug/2023 10:28:33] :: 'CREATE NEW LOOKUP VALUE' DIALOG IS DISPLAYED!!!
[INFO] [11/Aug/2023 10:28:35] :: CLICKED ON 'ALL SASF' BUTTON!!!
[INFO] [11/Aug/2023 10:28:35] :: Test Method resides in com.MTS.test.MasterDevelopmentTestClass

[INFO] [11/Aug/2023 10:28:35] :: Test Method : MTS_MasterDevelopment_004_AdvancedSearch

[INFO] [11/Aug/2023 10:28:35] :: Test Method had the following parameters : Admin

[INFO] [11/Aug/2023 10:28:35] :: Test Status : PASSED

[TEST METHOD] [11/Aug/2023 10:28:35] :: ABOUT TO BEGIN EXECUTING :: MTS_MasterDevelopment_005_CreateSASF

[INFO] [11/Aug/2023 10:28:37] :: SUPPLIER DEACTIVATED SUCCESSFULLY!!!
[INFO] [11/Aug/2023 10:28:37] :: CLICKED ON 'MY PROFILE' TAB. !!!
[INFO] [11/Aug/2023 10:28:38] :: CLICKED ON 'ALL SASF' BUTTON!!!
[INFO] [11/Aug/2023 10:28:40] :: 'MY PROFILE' SCREEN IS VERIFIED!!!
[INFO] [11/Aug/2023 10:28:40] :: CLICKED ON 'CREATE SASF' BUTTON!!!
[INFO] [11/Aug/2023 10:28:41] :: MOVED TO 'ALL SUPPLIER' SCREEN!!!
[INFO] [11/Aug/2023 10:28:41] :: SUPPLIER RECORDS ARE FOUND!!!
[INFO] [11/Aug/2023 10:28:43] :: 'CREATE NEW SASF' SCREEN IS VERIFIED!!!
[INFO] [11/Aug/2023 10:28:44] :: Expected Message :: Successfully Added || Actual Message :: Successfully Added
[INFO] [11/Aug/2023 10:28:44] :: MESSAGE IS CAPTURED !!!
[INFO] [11/Aug/2023 10:28:45] :: Expected Message :: Theme Save Successfully || Actual Message :: Theme Save Successfully
[INFO] [11/Aug/2023 10:28:45] :: MESSAGE IS CAPTURED !!!
[INFO] [11/Aug/2023 10:28:47] :: 'ORKJV LTD' IS SEARCHED!!!
[INFO] [11/Aug/2023 10:28:49] :: SELECT THE CHECKBOX OF SUPPLIER : 'ORKJV LTD'!!!
[INFO] [11/Aug/2023 10:28:51] :: LOOKUP VALUE ADDED SUCCESSFULLY!!!
[INFO] [11/Aug/2023 10:28:53] :: CLICKED ON 'ACTIVATE' BUTTON!!!
[INFO] [11/Aug/2023 10:28:53] :: Expected Message :: 1 record activated Successfully !!
Actual Message :: 1 record activated Successfully !!
[INFO] [11/Aug/2023 10:28:56] :: 'Test_2355' IS SEARCHED!!!
[INFO] [11/Aug/2023 10:28:57] :: APPLICATION THEME IS CHANGED TO <b>Dodge</b>!!!
[INFO] [11/Aug/2023 10:28:57] :: SUPPLIER ACTIVATED SUCCESSFULLY!!!
[INFO] [11/Aug/2023 10:28:57] :: Test Method resides in com.MTS.test.SupplierManagementTestClass

[INFO] [11/Aug/2023 10:28:57] :: Test Method : MTS_SupplierManagement_004_Edit_Deactivate_Activate

[INFO] [11/Aug/2023 10:28:57] :: Test Method had the following parameters : Admin

[INFO] [11/Aug/2023 10:28:57] :: Test Status : PASSED

[INFO] [11/Aug/2023 10:28:58] :: BROWSER IS CLOSED !!!
[INFO] [11/Aug/2023 10:28:58] :: LOOKUP VALUE RECORDS ARE FOUND !!!
[INFO] [11/Aug/2023 10:28:58] :: CAPTURE THE LOOKUP VALUE : 'Test_2355' AND STATUS : 'ACTIVE'!!!
[INFO] [11/Aug/2023 10:29:00] :: SELECT THE CHECKBOX OF LOOKUP VALUE : 'Test_2355' AND STATUS : 'ACTIVE'!!!
[INFO] [11/Aug/2023 10:29:02] :: Expected Message :: Theme Save Successfully || Actual Message :: Theme Save Successfully
[INFO] [11/Aug/2023 10:29:02] :: MESSAGE IS CAPTURED !!!
[INFO] [11/Aug/2023 10:29:03] :: CLICKED ON 'EDIT SELECTED' BUTTON!!!
[INFO] [11/Aug/2023 10:29:04] :: EDITABLE LOOKUP VALUE RECORD IS FOUND!!!
[INFO] [11/Aug/2023 10:29:14] :: APPLICATION THEME IS CHANGED TO <b>Chrysler</b>!!!
[INFO] [11/Aug/2023 10:29:15] :: CLICKED ON 'SAVE CHANGES' BUTTON!!!
[INFO] [11/Aug/2023 10:29:15] :: Expected Message :: 1 data updated || Actual Message :: 1 data updated
[INFO] [11/Aug/2023 10:29:15] :: MESSAGE IS CAPTURED !!!
[INFO] [11/Aug/2023 10:29:17] :: FILLED THE VALUE IN ALL MANDATORY FIELDS!!!
[INFO] [11/Aug/2023 10:29:19] :: Expected Message :: Theme Save Successfully || Actual Message :: Theme Save Successfully
[INFO] [11/Aug/2023 10:29:19] :: MESSAGE IS CAPTURED !!!
[INFO] [11/Aug/2023 10:29:20] :: Expected Message :: Generated Successfully || Actual Message :: SASF No.: 08/11/2023***1 , Generated Successfully
[INFO] [11/Aug/2023 10:29:22] :: GENERATED NEW SASF NO : '08/11/2023***1'!!!
[INFO] [11/Aug/2023 10:29:22] :: LOOKUP VALUE UPDATED SUCCESSFULLY!!!
[INFO] [11/Aug/2023 10:29:27] :: Test Method resides in com.MTS.test.MasterDevelopmentTestClass

[INFO] [11/Aug/2023 10:29:27] :: Test Method : MTS_MasterDevelopment_005_CreateSASF

[INFO] [11/Aug/2023 10:29:27] :: Test Method had the following parameters : Admin

[INFO] [11/Aug/2023 10:29:27] :: Test Status : PASSED

[TEST METHOD] [11/Aug/2023 10:29:27] :: ABOUT TO BEGIN EXECUTING :: MTS_MasterDevelopment_006_Initiated

[INFO] [11/Aug/2023 10:29:27] :: 'Test_5772' IS SEARCHED!!!
[INFO] [11/Aug/2023 10:29:27] :: LOOKUP VALUE RECORDS ARE FOUND !!!
[INFO] [11/Aug/2023 10:29:28] :: CAPTURE THE LOOKUP VALUE : 'Test_5772' AND STATUS : 'ACTIVE'!!!
[INFO] [11/Aug/2023 10:29:30] :: SELECT THE CHECKBOX OF LOOKUP VALUE : 'Test_5772' AND STATUS : 'ACTIVE'!!!
[INFO] [11/Aug/2023 10:29:31] :: APPLICATION THEME IS CHANGED TO <b>RAM</b>!!!
[INFO] [11/Aug/2023 10:29:32] :: CLICKED ON 'MTS' LOGO!!!
[INFO] [11/Aug/2023 10:29:34] :: CLICKED ON 'DEACTIVATE' BUTTON!!!
[INFO] [11/Aug/2023 10:29:34] :: Expected Message :: Deactivated Successfully || Actual Message :: Deactivated Successfully
[INFO] [11/Aug/2023 10:29:34] :: MESSAGE IS CAPTURED !!!
[INFO] [11/Aug/2023 10:29:34] :: CLICKED ON 'ALL SASF' BUTTON!!!
[INFO] [11/Aug/2023 10:29:36] :: CLICKED ON 'ADVANCED SEARCH' HYPERLINK!!!
[INFO] [11/Aug/2023 10:29:36] :: Expected Message :: Theme Save Successfully || Actual Message :: Theme Save Successfully
[INFO] [11/Aug/2023 10:29:36] :: MESSAGE IS CAPTURED !!!
[INFO] [11/Aug/2023 10:29:41] :: LOOKUP VALUE : 'Test_5772' DEACTIVATED SUCCESSFULLY!!!
[INFO] [11/Aug/2023 10:29:42] :: CLICKED ON 'RESET' BUTTON!!!
[INFO] [11/Aug/2023 10:29:44] :: CLICKED ON 'ADVANCED SEARCH' HYPERLINK!!!
[INFO] [11/Aug/2023 10:29:44] :: ADVANCED SEARCH DIALOG IS DISPLAYED!!!
[INFO] [11/Aug/2023 10:29:46] :: 'Test_5772' IS SEARCHED!!!
[INFO] [11/Aug/2023 10:29:48] :: APPLICATION THEME IS CHANGED TO <b>Default</b>!!!
[INFO] [11/Aug/2023 10:29:48] :: Test Method resides in com.MTS.test.MyProfileTestClass

[INFO] [11/Aug/2023 10:29:48] :: Test Method : MTS_MyProfile_001_ChangeTheme

[INFO] [11/Aug/2023 10:29:48] :: Test Method had the following parameters : Admin

[INFO] [11/Aug/2023 10:29:48] :: Test Status : PASSED

[INFO] [11/Aug/2023 10:29:48] :: SELECT THE CHECKBOX OF LOOKUP VALUE : 'Test_5772' AND STATUS : 'INACTIVE'!!!
[INFO] [11/Aug/2023 10:29:49] :: BROWSER IS CLOSED !!!
[INFO] [11/Aug/2023 10:29:52] :: CLICKED ON 'ACTIVATE' BUTTON!!!
[INFO] [11/Aug/2023 10:29:52] :: Expected Message :: Activated Successfully || Actual Message :: Activated Successfully
[INFO] [11/Aug/2023 10:29:52] :: MESSAGE IS CAPTURED !!!
[INFO] [11/Aug/2023 10:29:59] :: LOOKUP VALUE : 'Test_5772' ACTIVATED SUCCESSFULLY!!!
[INFO] [11/Aug/2023 10:29:59] :: Test Method resides in com.MTS.test.LookUpAdministrationTestClass

[INFO] [11/Aug/2023 10:29:59] :: Test Method : MTS_LookUpAdministration_002_Add_Edit_Deactivate_Activate

[INFO] [11/Aug/2023 10:29:59] :: Test Method had the following parameters : , Admin, REGION

[INFO] [11/Aug/2023 10:29:59] :: Test Status : PASSED

[TEST METHOD] [11/Aug/2023 10:29:59] :: ABOUT TO BEGIN EXECUTING :: MTS_LookUpAdministration_002_Add_Edit_Deactivate_Activate

[INFO] [11/Aug/2023 10:29:59] :: LOOKUP - ADMINISTRATION (LD RATIO) SCREEN IS VERIFIED!!!
[INFO] [11/Aug/2023 10:30:03] :: CLICKED ON 'ADD NEW VALUE' BUTTON!!!
[INFO] [11/Aug/2023 10:30:05] :: 'CREATE NEW LOOKUP VALUE' DIALOG IS DISPLAYED!!!
[INFO] [11/Aug/2023 10:30:16] :: Expected Message :: Successfully Added || Actual Message :: Successfully Added
[INFO] [11/Aug/2023 10:30:16] :: MESSAGE IS CAPTURED !!!
[INFO] [11/Aug/2023 10:30:18] :: CLICKED ON 'SELECT ADVANCED SEARCH' DROPDOWN !!!
[INFO] [11/Aug/2023 10:30:23] :: SELECT THE ADV. SEARCH CATAGORY IS 'Status' AND VALUE IS 'Initiated'!!!
[INFO] [11/Aug/2023 10:30:23] :: LOOKUP VALUE ADDED SUCCESSFULLY!!!
[INFO] [11/Aug/2023 10:30:23] :: ADVANCED SEARCH DIALOG IS DISPLAYED!!!
[INFO] [11/Aug/2023 10:30:28] :: '3541.029123714359' IS SEARCHED!!!
[INFO] [11/Aug/2023 10:30:30] :: LOOKUP VALUE RECORDS ARE FOUND !!!
[INFO] [11/Aug/2023 10:30:30] :: CAPTURE THE LOOKUP VALUE : '3541.029123714359' AND STATUS : 'ACTIVE'!!!
[INFO] [11/Aug/2023 10:30:32] :: SELECT THE CHECKBOX OF LOOKUP VALUE : '3541.029123714359' AND STATUS : 'ACTIVE'!!!
[INFO] [11/Aug/2023 10:30:35] :: CLICKED ON 'EDIT SELECTED' BUTTON!!!
[INFO] [11/Aug/2023 10:30:36] :: EDITABLE LOOKUP VALUE RECORD IS FOUND!!!
[INFO] [11/Aug/2023 10:30:37] :: SELECT THE ADV. SEARCH CATAGORY IS 'Designer Name' AND VALUE IS 'VENKATESH KAMATH'!!!
[INFO] [11/Aug/2023 10:30:39] :: CLICKED ON 'SEARCH' BUTTON!!!
[INFO] [11/Aug/2023 10:30:39] :: SASF RECORDS ARE FOUND!!!
[INFO] [11/Aug/2023 10:30:42] :: CLICKED ON SASF NO.: '08/11/2023***1' || STATUS: 'Initiated' || CREATOR: 'VENKATESH KAMATH'.
[INFO] [11/Aug/2023 10:30:47] :: CLICKED ON 'SAVE CHANGES' BUTTON!!!
[INFO] [11/Aug/2023 10:30:47] :: 'VISUAL APPROVAL INFORMATION (ENGINEERING)' SECTION IS EXPANDED!!!
[INFO] [11/Aug/2023 10:30:47] :: Expected Message :: 1 data updated || Actual Message :: 1 data updated
[INFO] [11/Aug/2023 10:30:47] :: MESSAGE IS CAPTURED !!!
[INFO] [11/Aug/2023 10:30:54] :: LOOKUP VALUE UPDATED SUCCESSFULLY!!!
[INFO] [11/Aug/2023 10:30:59] :: '8821.07961197837' IS SEARCHED!!!
[INFO] [11/Aug/2023 10:30:59] :: LOOKUP VALUE RECORDS ARE FOUND !!!
[INFO] [11/Aug/2023 10:30:59] :: CAPTURE THE LOOKUP VALUE : '8821.07961197837' AND STATUS : 'ACTIVE'!!!
[INFO] [11/Aug/2023 10:31:02] :: SELECT THE CHECKBOX OF LOOKUP VALUE : '8821.07961197837' AND STATUS : 'ACTIVE'!!!
[INFO] [11/Aug/2023 10:31:05] :: CLICKED ON 'DEACTIVATE' BUTTON!!!
[INFO] [11/Aug/2023 10:31:06] :: Expected Message :: Deactivated Successfully || Actual Message :: Deactivated Successfully
[INFO] [11/Aug/2023 10:31:06] :: MESSAGE IS CAPTURED !!!
[INFO] [11/Aug/2023 10:31:12] :: LOOKUP VALUE : '8821.07961197837' DEACTIVATED SUCCESSFULLY!!!
[INFO] [11/Aug/2023 10:31:18] :: '8821.07961197837' IS SEARCHED!!!
[INFO] [11/Aug/2023 10:31:20] :: 'SASF DETAILS' SCREEN IS VERIFIED!!!
(1) Download the SASF Details in PDF file.
[INFO] [11/Aug/2023 10:31:20] :: SELECT THE CHECKBOX OF LOOKUP VALUE : '8821.07961197837' AND STATUS : 'INACTIVE'!!!
[INFO] [11/Aug/2023 10:31:24] :: CLICKED ON 'ACTIVATE' BUTTON!!!
[INFO] [11/Aug/2023 10:31:24] :: Expected Message :: Activated Successfully || Actual Message :: Activated Successfully
[INFO] [11/Aug/2023 10:31:24] :: MESSAGE IS CAPTURED !!!
[INFO] [11/Aug/2023 10:31:24] :: CLICKED ON 'PRINT SASF' BUTTON!!!
[INFO] [11/Aug/2023 10:31:29] :: EXPECTED FILE :: SASFDetails.pdf || ACTUAL FILE :: SASFDetails.pdf
[INFO] [11/Aug/2023 10:31:29] :: FILE IS DOWNLOADED!!!
[INFO] [11/Aug/2023 10:31:29] :: FILE IS DELETED!!!
[INFO] [11/Aug/2023 10:31:29] :: 'PRINT SASF' PERFORMED!!!
[INFO] [11/Aug/2023 10:31:31] :: LOOKUP VALUE : '8821.07961197837' ACTIVATED SUCCESSFULLY!!!
[INFO] [11/Aug/2023 10:31:31] :: Test Method resides in com.MTS.test.LookUpAdministrationTestClass

[INFO] [11/Aug/2023 10:31:31] :: Test Method : MTS_LookUpAdministration_002_Add_Edit_Deactivate_Activate

[INFO] [11/Aug/2023 10:31:31] :: Test Method had the following parameters : , Admin, LD RATIO

[INFO] [11/Aug/2023 10:31:31] :: Test Status : PASSED

[INFO] [11/Aug/2023 10:31:32] :: BROWSER IS CLOSED !!!
(2) View History of SASF
[INFO] [11/Aug/2023 10:31:36] :: CLICKED ON 'VIEW HISTORY' BUTTON!!!
[INFO] [11/Aug/2023 10:31:43] :: 'SASF HISTORY' DIALOG IS VERIFIED!!!
[INFO] [11/Aug/2023 10:31:46] :: 'VIEW HISTORY' PERFORMED!!!
<=========================_!!! Edit SASF Details !!!_=========================>
[INFO] [11/Aug/2023 10:31:53] :: CLICKED ON 'EDIT' BUTTON!!!
[INFO] [11/Aug/2023 10:31:55] :: 'SASF DETAILS (EDITABLE)' SCREEN IS VERIFIED!!!
[INFO] [11/Aug/2023 10:32:03] :: Expected Message :: Saved Successfully || Actual Message :: Saved Successfully
[INFO] [11/Aug/2023 10:32:03] :: MESSAGE IS CAPTURED !!!
[INFO] [11/Aug/2023 10:32:09] :: SASF DETAILS EDITAED & SAVED SUCCESSFULLY!!!
[INFO] [11/Aug/2023 10:32:09] :: 'EDIT SASF DETAILS' PERFORMED!!!
<=========================_!!! View List of Supplier Email related to SASF !!!_=========================>
[INFO] [11/Aug/2023 10:32:15] :: CLICKED ON 'EMAIL SUPPLIER' BUTTON!!!
[INFO] [11/Aug/2023 10:32:17] :: 'EMAIL SUPPLIER' DIALOG IS DISPLAYED AND VERIFIED!!!
[INFO] [11/Aug/2023 10:32:21] :: SELECT THE CHECKBOX OF SUPPLIER EMAIL AND CLICK ON 'SEND MAIL' BUTTON!!!
[INFO] [11/Aug/2023 10:32:25] :: Expected Message :: Mail Send Successfully || Actual Message :: Mail Send Successfully
[INFO] [11/Aug/2023 10:32:25] :: MESSAGE IS CAPTURED !!!
[INFO] [11/Aug/2023 10:32:37] :: 'EMAIL SUPPLIER' PERFORMED!!!
<=========================_!!! Delete SASF At Any Stage by Creator of respective Admin or Designer!!!_=========================>
[INFO] [11/Aug/2023 10:32:41] :: CLICKED ON 'EDIT' BUTTON!!!
[INFO] [11/Aug/2023 10:32:43] :: 'SASF DETAILS (EDITABLE)' SCREEN IS VERIFIED!!!
[INFO] [11/Aug/2023 10:32:49] :: CLICKED ON 'DELETE SASF' BUTTON!!!
Expected Message :: Do you want to delete 08/11/2023***1
Actual Message :: Do you want to delete 08/11/2023***1
[INFO] [11/Aug/2023 10:32:59] :: Expected Message :: Deleted Successfully || Actual Message :: Deleted Successfully
[INFO] [11/Aug/2023 10:32:59] :: MESSAGE IS CAPTURED !!!
[INFO] [11/Aug/2023 10:33:06] :: 'DELETE SASF' PERFORMED!!!
[INFO] [11/Aug/2023 10:33:06] :: Test Method resides in com.MTS.test.MasterDevelopmentTestClass

[INFO] [11/Aug/2023 10:33:06] :: Test Method : MTS_MasterDevelopment_006_Initiated

[INFO] [11/Aug/2023 10:33:06] :: Test Method had the following parameters : Admin

[INFO] [11/Aug/2023 10:33:06] :: Test Status : PASSED

[TEST METHOD] [11/Aug/2023 10:33:06] :: ABOUT TO BEGIN EXECUTING :: MTS_MasterDevelopment_007_Completed

[INFO] [11/Aug/2023 10:33:11] :: CLICKED ON 'MTS' LOGO!!!
[INFO] [11/Aug/2023 10:33:13] :: CLICKED ON 'ALL SASF' BUTTON!!!
[INFO] [11/Aug/2023 10:33:15] :: CLICKED ON 'ADVANCED SEARCH' HYPERLINK!!!
[INFO] [11/Aug/2023 10:33:21] :: CLICKED ON 'RESET' BUTTON!!!
[INFO] [11/Aug/2023 10:33:23] :: CLICKED ON 'ADVANCED SEARCH' HYPERLINK!!!
[INFO] [11/Aug/2023 10:33:23] :: ADVANCED SEARCH DIALOG IS DISPLAYED!!!
[INFO] [11/Aug/2023 10:33:56] :: CLICKED ON 'SELECT ADVANCED SEARCH' DROPDOWN !!!
[INFO] [11/Aug/2023 10:34:02] :: SELECT THE ADV. SEARCH CATAGORY IS 'Status' AND VALUE IS 'Approved'!!!
[INFO] [11/Aug/2023 10:34:02] :: ADVANCED SEARCH DIALOG IS DISPLAYED!!!
[INFO] [11/Aug/2023 10:34:16] :: SELECT THE ADV. SEARCH CATAGORY IS 'Designer Name' AND VALUE IS 'VENKATESH KAMATH'!!!
[INFO] [11/Aug/2023 10:34:18] :: CLICKED ON 'SEARCH' BUTTON!!!
[INFO] [11/Aug/2023 10:34:18] :: SASF RECORDS ARE FOUND!!!
[INFO] [11/Aug/2023 10:34:22] :: CLICKED ON SASF NO.: '08/07/2023***1' || STATUS: 'Completed' || CREATOR: 'VENKATESH KAMATH'.
[INFO] [11/Aug/2023 10:34:28] :: 'MATERIAL APPROVAL INFORMATION (ENGINEERING)' SECTION IS EXPANDED!!!
[INFO] [11/Aug/2023 10:34:33] :: 'VISUAL APPROVAL INFORMATION (ENGINEERING)' SECTION IS EXPANDED!!!
[INFO] [11/Aug/2023 10:35:06] :: 'SASF DETAILS' SCREEN IS VERIFIED!!!
(1) Download the SASF Details in PDF file.
[INFO] [11/Aug/2023 10:35:10] :: CLICKED ON 'PRINT SASF' BUTTON!!!
[INFO] [11/Aug/2023 10:35:15] :: EXPECTED FILE :: SASFDetails.pdf || ACTUAL FILE :: SASFDetails.pdf
[INFO] [11/Aug/2023 10:35:15] :: FILE IS DOWNLOADED!!!
[INFO] [11/Aug/2023 10:35:15] :: FILE IS DELETED!!!
[INFO] [11/Aug/2023 10:35:15] :: 'PRINT SASF' PERFORMED!!!
(2) View History of SASF
[INFO] [11/Aug/2023 10:35:22] :: CLICKED ON 'VIEW HISTORY' BUTTON!!!
[INFO] [11/Aug/2023 10:35:29] :: 'SASF HISTORY' DIALOG IS VERIFIED!!!
[INFO] [11/Aug/2023 10:35:31] :: 'VIEW HISTORY' PERFORMED!!!
<=========================_!!! Edit SASF Details !!!_=========================>
[INFO] [11/Aug/2023 10:35:39] :: CLICKED ON 'EDIT' BUTTON!!!
[INFO] [11/Aug/2023 10:35:41] :: 'SASF DETAILS (EDITABLE)' SCREEN IS VERIFIED!!!
[INFO] [11/Aug/2023 10:35:48] :: Expected Message :: Saved Successfully || Actual Message :: Saved Successfully
[INFO] [11/Aug/2023 10:35:48] :: MESSAGE IS CAPTURED !!!
[INFO] [11/Aug/2023 10:35:55] :: SASF DETAILS EDITAED & SAVED SUCCESSFULLY!!!
[INFO] [11/Aug/2023 10:35:55] :: 'EDIT SASF DETAILS' PERFORMED!!!
<=========================_!!! View List of Supplier Email related to SASF !!!_=========================>
[INFO] [11/Aug/2023 10:36:01] :: CLICKED ON 'EMAIL SUPPLIER' BUTTON!!!
[INFO] [11/Aug/2023 10:36:03] :: 'EMAIL SUPPLIER' DIALOG IS DISPLAYED AND VERIFIED!!!
[INFO] [11/Aug/2023 10:36:07] :: SELECT THE CHECKBOX OF SUPPLIER EMAIL AND CLICK ON 'SEND MAIL' BUTTON!!!
[INFO] [11/Aug/2023 10:36:08] :: Expected Message :: Mail Send Successfully || Actual Message :: Mail Send Successfully
[INFO] [11/Aug/2023 10:36:08] :: MESSAGE IS CAPTURED !!!
[INFO] [11/Aug/2023 10:36:20] :: 'EMAIL SUPPLIER' PERFORMED!!!
<=========================_!!! Delete SASF At Any Stage by Creator of respective Admin or Designer!!!_=========================>
[INFO] [11/Aug/2023 10:36:24] :: CLICKED ON 'EDIT' BUTTON!!!
[INFO] [11/Aug/2023 10:36:26] :: 'SASF DETAILS (EDITABLE)' SCREEN IS VERIFIED!!!
[INFO] [11/Aug/2023 10:36:32] :: CLICKED ON 'DELETE SASF' BUTTON!!!
Expected Message :: Do you want to delete 08/07/2023***1
Actual Message :: Do you want to delete 08/07/2023***1
[INFO] [11/Aug/2023 10:36:41] :: Expected Message :: Deleted Successfully || Actual Message :: Deleted Successfully
[INFO] [11/Aug/2023 10:36:41] :: MESSAGE IS CAPTURED !!!
[INFO] [11/Aug/2023 10:36:48] :: 'DELETE SASF' PERFORMED!!!
[INFO] [11/Aug/2023 10:36:53] :: CLICKED ON 'MTS' LOGO!!!
[INFO] [11/Aug/2023 10:36:56] :: CLICKED ON 'ALL SASF' BUTTON!!!
[INFO] [11/Aug/2023 10:36:58] :: CLICKED ON 'ADVANCED SEARCH' HYPERLINK!!!
[INFO] [11/Aug/2023 10:37:03] :: CLICKED ON 'RESET' BUTTON!!!
[INFO] [11/Aug/2023 10:37:06] :: CLICKED ON 'ADVANCED SEARCH' HYPERLINK!!!
[INFO] [11/Aug/2023 10:37:06] :: ADVANCED SEARCH DIALOG IS DISPLAYED!!!
[INFO] [11/Aug/2023 10:37:39] :: CLICKED ON 'SELECT ADVANCED SEARCH' DROPDOWN !!!
[INFO] [11/Aug/2023 10:37:44] :: SELECT THE ADV. SEARCH CATAGORY IS 'Status' AND VALUE IS 'Approved'!!!
[INFO] [11/Aug/2023 10:37:44] :: ADVANCED SEARCH DIALOG IS DISPLAYED!!!
[INFO] [11/Aug/2023 10:37:59] :: SELECT THE ADV. SEARCH CATAGORY IS 'Designer Name' AND VALUE IS 'VENKATESH KAMATH'!!!
[INFO] [11/Aug/2023 10:38:01] :: CLICKED ON 'SEARCH' BUTTON!!!
[INFO] [11/Aug/2023 10:38:01] :: SASF RECORDS ARE FOUND!!!
[INFO] [11/Aug/2023 10:38:04] :: CLICKED ON SASF NO.: '08/03/2023***5' || STATUS: 'Completed' || CREATOR: 'VENKATESH KAMATH'.
[INFO] [11/Aug/2023 10:38:10] :: 'MATERIAL APPROVAL INFORMATION (ENGINEERING)' SECTION IS EXPANDED!!!
[INFO] [11/Aug/2023 10:38:15] :: 'VISUAL APPROVAL INFORMATION (ENGINEERING)' SECTION IS EXPANDED!!!
[INFO] [11/Aug/2023 10:38:48] :: 'SASF DETAILS' SCREEN IS VERIFIED!!!
<=========================_!!! Perform 'Rescind SASF' On 'Completed' Stage !!!_=========================>
[INFO] [11/Aug/2023 10:38:54] :: CLICKED ON 'RESCIND SASF' BUTTON!!!
[INFO] [11/Aug/2023 10:39:04] :: ENTER THE RESCIND NOTE AND CLICKED ON 'RESCIND AND SAVE' BUTTON!!!
[INFO] [11/Aug/2023 10:39:07] :: Expected Message :: SASFs has been rescinded || Actual Message :: SASFs has been rescinded
[INFO] [11/Aug/2023 10:39:07] :: MESSAGE IS CAPTURED !!!
[INFO] [11/Aug/2023 10:39:14] :: 'RESCIND SASF' PERFORMED!!!
[INFO] [11/Aug/2023 10:39:14] :: Test Method resides in com.MTS.test.MasterDevelopmentTestClass

[INFO] [11/Aug/2023 10:39:14] :: Test Method : MTS_MasterDevelopment_007_Completed

[INFO] [11/Aug/2023 10:39:14] :: Test Method had the following parameters : Admin

[INFO] [11/Aug/2023 10:39:14] :: Test Status : PASSED

[TEST METHOD] [11/Aug/2023 10:39:14] :: ABOUT TO BEGIN EXECUTING :: MTS_MasterDevelopment_008_Conditional

[INFO] [11/Aug/2023 10:39:19] :: CLICKED ON 'MTS' LOGO!!!
[INFO] [11/Aug/2023 10:39:22] :: CLICKED ON 'ALL SASF' BUTTON!!!
[INFO] [11/Aug/2023 10:39:24] :: CLICKED ON 'ADVANCED SEARCH' HYPERLINK!!!
[INFO] [11/Aug/2023 10:39:29] :: CLICKED ON 'RESET' BUTTON!!!
[INFO] [11/Aug/2023 10:39:31] :: CLICKED ON 'ADVANCED SEARCH' HYPERLINK!!!
[INFO] [11/Aug/2023 10:39:32] :: ADVANCED SEARCH DIALOG IS DISPLAYED!!!
[INFO] [11/Aug/2023 10:40:05] :: CLICKED ON 'SELECT ADVANCED SEARCH' DROPDOWN !!!
[INFO] [11/Aug/2023 10:40:10] :: SELECT THE ADV. SEARCH CATAGORY IS 'Status' AND VALUE IS 'Conditional'!!!
[INFO] [11/Aug/2023 10:40:10] :: ADVANCED SEARCH DIALOG IS DISPLAYED!!!
[INFO] [11/Aug/2023 10:40:25] :: SELECT THE ADV. SEARCH CATAGORY IS 'Designer Name' AND VALUE IS 'VENKATESH KAMATH'!!!
[INFO] [11/Aug/2023 10:40:27] :: CLICKED ON 'SEARCH' BUTTON!!!
[INFO] [11/Aug/2023 10:40:27] :: SASF RECORDS ARE FOUND!!!
[INFO] [11/Aug/2023 10:40:30] :: CLICKED ON SASF NO.: '07/28/2023***6' || STATUS: 'Conditional' || CREATOR: 'VENKATESH KAMATH'.
[INFO] [11/Aug/2023 10:40:37] :: 'MATERIAL APPROVAL COMMENT WITH CONDITION INFORMATION (ENGINEERING)' SECTION IS EXPANDED!!!
[INFO] [11/Aug/2023 10:40:41] :: 'VISUAL APPROVAL INFORMATION (ENGINEERING)' SECTION IS EXPANDED!!!
[INFO] [11/Aug/2023 10:41:14] :: 'SASF DETAILS' SCREEN IS VERIFIED!!!
(1) Download the SASF Details in PDF file.
[INFO] [11/Aug/2023 10:41:19] :: CLICKED ON 'PRINT SASF' BUTTON!!!
[INFO] [11/Aug/2023 10:41:24] :: EXPECTED FILE :: SASFDetails.pdf || ACTUAL FILE :: SASFDetails.pdf
[INFO] [11/Aug/2023 10:41:24] :: FILE IS DOWNLOADED!!!
[INFO] [11/Aug/2023 10:41:24] :: FILE IS DELETED!!!
[INFO] [11/Aug/2023 10:41:24] :: 'PRINT SASF' PERFORMED!!!
(2) View History of SASF
[INFO] [11/Aug/2023 10:41:31] :: CLICKED ON 'VIEW HISTORY' BUTTON!!!
[INFO] [11/Aug/2023 10:41:38] :: 'SASF HISTORY' DIALOG IS VERIFIED!!!
[INFO] [11/Aug/2023 10:41:40] :: 'VIEW HISTORY' PERFORMED!!!
<=========================_!!! Edit SASF Details !!!_=========================>
[INFO] [11/Aug/2023 10:41:47] :: CLICKED ON 'EDIT' BUTTON!!!
[INFO] [11/Aug/2023 10:41:50] :: 'SASF DETAILS (EDITABLE)' SCREEN IS VERIFIED!!!
[INFO] [11/Aug/2023 10:41:57] :: Expected Message :: Saved Successfully || Actual Message :: Saved Successfully
[INFO] [11/Aug/2023 10:41:57] :: MESSAGE IS CAPTURED !!!
[INFO] [11/Aug/2023 10:42:04] :: SASF DETAILS EDITAED & SAVED SUCCESSFULLY!!!
[INFO] [11/Aug/2023 10:42:04] :: 'EDIT SASF DETAILS' PERFORMED!!!
<=========================_!!! View List of Supplier Email related to SASF !!!_=========================>
[INFO] [11/Aug/2023 10:42:09] :: CLICKED ON 'EMAIL SUPPLIER' BUTTON!!!
[INFO] [11/Aug/2023 10:42:11] :: 'EMAIL SUPPLIER' DIALOG IS DISPLAYED AND VERIFIED!!!
[INFO] [11/Aug/2023 10:42:15] :: SELECT THE CHECKBOX OF SUPPLIER EMAIL AND CLICK ON 'SEND MAIL' BUTTON!!!
[INFO] [11/Aug/2023 10:42:17] :: Expected Message :: Mail Send Successfully || Actual Message :: Mail Send Successfully
[INFO] [11/Aug/2023 10:42:17] :: MESSAGE IS CAPTURED !!!
[INFO] [11/Aug/2023 10:42:29] :: 'EMAIL SUPPLIER' PERFORMED!!!
<=========================_!!! Delete SASF At Any Stage by Creator of respective Admin or Designer!!!_=========================>
[INFO] [11/Aug/2023 10:42:33] :: CLICKED ON 'EDIT' BUTTON!!!
[INFO] [11/Aug/2023 10:42:35] :: 'SASF DETAILS (EDITABLE)' SCREEN IS VERIFIED!!!
[INFO] [11/Aug/2023 10:42:41] :: CLICKED ON 'DELETE SASF' BUTTON!!!
Expected Message :: Do you want to delete 07/28/2023***6
Actual Message :: Do you want to delete 07/28/2023***6
[INFO] [11/Aug/2023 10:42:50] :: Expected Message :: Deleted Successfully || Actual Message :: Deleted Successfully
[INFO] [11/Aug/2023 10:42:50] :: MESSAGE IS CAPTURED !!!
[INFO] [11/Aug/2023 10:42:57] :: 'DELETE SASF' PERFORMED!!!
[INFO] [11/Aug/2023 10:43:02] :: CLICKED ON 'MTS' LOGO!!!
[INFO] [11/Aug/2023 10:43:05] :: CLICKED ON 'ALL SASF' BUTTON!!!
[INFO] [11/Aug/2023 10:43:07] :: CLICKED ON 'ADVANCED SEARCH' HYPERLINK!!!
[INFO] [11/Aug/2023 10:43:12] :: CLICKED ON 'RESET' BUTTON!!!
[INFO] [11/Aug/2023 10:43:15] :: CLICKED ON 'ADVANCED SEARCH' HYPERLINK!!!
[INFO] [11/Aug/2023 10:43:15] :: ADVANCED SEARCH DIALOG IS DISPLAYED!!!
[INFO] [11/Aug/2023 10:43:48] :: CLICKED ON 'SELECT ADVANCED SEARCH' DROPDOWN !!!
[INFO] [11/Aug/2023 10:43:53] :: SELECT THE ADV. SEARCH CATAGORY IS 'Status' AND VALUE IS 'Conditional'!!!
[INFO] [11/Aug/2023 10:43:54] :: ADVANCED SEARCH DIALOG IS DISPLAYED!!!
[INFO] [11/Aug/2023 10:44:08] :: SELECT THE ADV. SEARCH CATAGORY IS 'Designer Name' AND VALUE IS 'VENKATESH KAMATH'!!!
[INFO] [11/Aug/2023 10:44:10] :: CLICKED ON 'SEARCH' BUTTON!!!
[INFO] [11/Aug/2023 10:44:10] :: SASF RECORDS ARE FOUND!!!
[INFO] [11/Aug/2023 10:44:13] :: CLICKED ON SASF NO.: '07/28/2023***5' || STATUS: 'Conditional' || CREATOR: 'VENKATESH KAMATH'.
[INFO] [11/Aug/2023 10:44:20] :: 'MATERIAL APPROVAL COMMENT WITH CONDITION INFORMATION (ENGINEERING)' SECTION IS EXPANDED!!!
[INFO] [11/Aug/2023 10:44:24] :: 'VISUAL APPROVAL INFORMATION (ENGINEERING)' SECTION IS EXPANDED!!!
[INFO] [11/Aug/2023 10:44:57] :: 'SASF DETAILS' SCREEN IS VERIFIED!!!
<=========================_!!! Perform 'Rescind SASF' On 'Conditional' Stage !!!_=========================>
[INFO] [11/Aug/2023 10:45:03] :: CLICKED ON 'RESCIND SASF' BUTTON!!!
[INFO] [11/Aug/2023 10:45:14] :: ENTER THE RESCIND NOTE AND CLICKED ON 'RESCIND AND SAVE' BUTTON!!!
[INFO] [11/Aug/2023 10:45:17] :: Expected Message :: SASFs has been rescinded || Actual Message :: SASFs has been rescinded
[INFO] [11/Aug/2023 10:45:17] :: MESSAGE IS CAPTURED !!!
[INFO] [11/Aug/2023 10:45:24] :: 'RESCIND SASF' PERFORMED!!!
[INFO] [11/Aug/2023 10:45:24] :: Test Method resides in com.MTS.test.MasterDevelopmentTestClass

[INFO] [11/Aug/2023 10:45:24] :: Test Method : MTS_MasterDevelopment_008_Conditional

[INFO] [11/Aug/2023 10:45:24] :: Test Method had the following parameters : Admin

[INFO] [11/Aug/2023 10:45:24] :: Test Status : PASSED

[TEST METHOD] [11/Aug/2023 10:45:24] :: ABOUT TO BEGIN EXECUTING :: MTS_MasterDevelopment_009_Rejected

[INFO] [11/Aug/2023 10:45:29] :: CLICKED ON 'MTS' LOGO!!!
[INFO] [11/Aug/2023 10:45:31] :: CLICKED ON 'ALL SASF' BUTTON!!!
[INFO] [11/Aug/2023 10:45:33] :: CLICKED ON 'ADVANCED SEARCH' HYPERLINK!!!
[INFO] [11/Aug/2023 10:45:39] :: CLICKED ON 'RESET' BUTTON!!!
[INFO] [11/Aug/2023 10:45:41] :: CLICKED ON 'ADVANCED SEARCH' HYPERLINK!!!
[INFO] [11/Aug/2023 10:45:41] :: ADVANCED SEARCH DIALOG IS DISPLAYED!!!
[INFO] [11/Aug/2023 10:46:14] :: CLICKED ON 'SELECT ADVANCED SEARCH' DROPDOWN !!!
[INFO] [11/Aug/2023 10:46:20] :: SELECT THE ADV. SEARCH CATAGORY IS 'Status' AND VALUE IS 'Rejected'!!!
[INFO] [11/Aug/2023 10:46:20] :: ADVANCED SEARCH DIALOG IS DISPLAYED!!!
[INFO] [11/Aug/2023 10:46:34] :: SELECT THE ADV. SEARCH CATAGORY IS 'Designer Name' AND VALUE IS 'VENKATESH KAMATH'!!!
[INFO] [11/Aug/2023 10:46:36] :: CLICKED ON 'SEARCH' BUTTON!!!
[INFO] [11/Aug/2023 10:46:36] :: SASF RECORDS ARE FOUND!!!
[INFO] [11/Aug/2023 10:46:39] :: CLICKED ON SASF NO.: '08/09/2023**12' || STATUS: 'Rejected' || CREATOR: 'VENKATESH KAMATH'.
[INFO] [11/Aug/2023 10:46:46] :: 'MATERIAL REJECTION COMMENT INFORMATION (ENGINEERING)' SECTION IS EXPANDED!!!
[INFO] [11/Aug/2023 10:46:50] :: 'VISUAL APPROVAL INFORMATION (ENGINEERING)' SECTION IS EXPANDED!!!
[INFO] [11/Aug/2023 10:47:23] :: 'SASF DETAILS' SCREEN IS VERIFIED!!!
(1) Download the SASF Details in PDF file.
[INFO] [11/Aug/2023 10:47:27] :: CLICKED ON 'PRINT SASF' BUTTON!!!
[INFO] [11/Aug/2023 10:47:32] :: EXPECTED FILE :: SASFDetails.pdf || ACTUAL FILE :: SASFDetails.pdf
[INFO] [11/Aug/2023 10:47:32] :: FILE IS DOWNLOADED!!!
[INFO] [11/Aug/2023 10:47:32] :: FILE IS DELETED!!!
[INFO] [11/Aug/2023 10:47:32] :: 'PRINT SASF' PERFORMED!!!
(2) View History of SASF
[INFO] [11/Aug/2023 10:47:40] :: CLICKED ON 'VIEW HISTORY' BUTTON!!!
[INFO] [11/Aug/2023 10:47:47] :: 'SASF HISTORY' DIALOG IS VERIFIED!!!
[INFO] [11/Aug/2023 10:47:49] :: 'VIEW HISTORY' PERFORMED!!!
<=========================_!!! Edit SASF Details !!!_=========================>
[INFO] [11/Aug/2023 10:47:56] :: CLICKED ON 'EDIT' BUTTON!!!
[INFO] [11/Aug/2023 10:47:58] :: 'SASF DETAILS (EDITABLE)' SCREEN IS VERIFIED!!!
[INFO] [11/Aug/2023 10:48:05] :: Expected Message :: Saved Successfully || Actual Message :: Saved Successfully
[INFO] [11/Aug/2023 10:48:05] :: MESSAGE IS CAPTURED !!!
[INFO] [11/Aug/2023 10:48:12] :: SASF DETAILS EDITAED & SAVED SUCCESSFULLY!!!
[INFO] [11/Aug/2023 10:48:12] :: 'EDIT SASF DETAILS' PERFORMED!!!
<=========================_!!! View List of Supplier Email related to SASF !!!_=========================>
[INFO] [11/Aug/2023 10:48:17] :: CLICKED ON 'EMAIL SUPPLIER' BUTTON!!!
[INFO] [11/Aug/2023 10:48:19] :: 'EMAIL SUPPLIER' DIALOG IS DISPLAYED AND VERIFIED!!!
[INFO] [11/Aug/2023 10:48:24] :: SELECT THE CHECKBOX OF SUPPLIER EMAIL AND CLICK ON 'SEND MAIL' BUTTON!!!
[INFO] [11/Aug/2023 10:48:24] :: Expected Message :: Mail Send Successfully || Actual Message :: Mail Send Successfully
[INFO] [11/Aug/2023 10:48:24] :: MESSAGE IS CAPTURED !!!
[INFO] [11/Aug/2023 10:48:36] :: 'EMAIL SUPPLIER' PERFORMED!!!
<=========================_!!! Delete SASF At Any Stage by Creator of respective Admin or Designer!!!_=========================>
[INFO] [11/Aug/2023 10:48:40] :: CLICKED ON 'EDIT' BUTTON!!!
[INFO] [11/Aug/2023 10:48:42] :: 'SASF DETAILS (EDITABLE)' SCREEN IS VERIFIED!!!
[INFO] [11/Aug/2023 10:48:48] :: CLICKED ON 'DELETE SASF' BUTTON!!!
Expected Message :: Do you want to delete 08/09/2023**12
Actual Message :: Do you want to delete 08/09/2023**12
[INFO] [11/Aug/2023 10:48:57] :: Expected Message :: Deleted Successfully || Actual Message :: Deleted Successfully
[INFO] [11/Aug/2023 10:48:57] :: MESSAGE IS CAPTURED !!!
[INFO] [11/Aug/2023 10:49:04] :: 'DELETE SASF' PERFORMED!!!
[INFO] [11/Aug/2023 10:49:04] :: Test Method resides in com.MTS.test.MasterDevelopmentTestClass

[INFO] [11/Aug/2023 10:49:04] :: Test Method : MTS_MasterDevelopment_009_Rejected

[INFO] [11/Aug/2023 10:49:04] :: Test Method had the following parameters : Admin

[INFO] [11/Aug/2023 10:49:04] :: Test Status : PASSED

[TEST METHOD] [11/Aug/2023 10:49:04] :: ABOUT TO BEGIN EXECUTING :: MTS_MasterDevelopment_010_Rescinded

[INFO] [11/Aug/2023 10:49:09] :: CLICKED ON 'MTS' LOGO!!!
[INFO] [11/Aug/2023 10:49:11] :: CLICKED ON 'ALL SASF' BUTTON!!!
[INFO] [11/Aug/2023 10:49:13] :: CLICKED ON 'ADVANCED SEARCH' HYPERLINK!!!
[INFO] [11/Aug/2023 10:49:19] :: CLICKED ON 'RESET' BUTTON!!!
[INFO] [11/Aug/2023 10:49:21] :: CLICKED ON 'ADVANCED SEARCH' HYPERLINK!!!
[INFO] [11/Aug/2023 10:49:21] :: ADVANCED SEARCH DIALOG IS DISPLAYED!!!
[INFO] [11/Aug/2023 10:49:54] :: CLICKED ON 'SELECT ADVANCED SEARCH' DROPDOWN !!!
[INFO] [11/Aug/2023 10:50:00] :: SELECT THE ADV. SEARCH CATAGORY IS 'Status' AND VALUE IS 'Rescinded'!!!
[INFO] [11/Aug/2023 10:50:00] :: ADVANCED SEARCH DIALOG IS DISPLAYED!!!
[INFO] [11/Aug/2023 10:50:14] :: SELECT THE ADV. SEARCH CATAGORY IS 'Designer Name' AND VALUE IS 'VENKATESH KAMATH'!!!
[INFO] [11/Aug/2023 10:50:16] :: CLICKED ON 'SEARCH' BUTTON!!!
[INFO] [11/Aug/2023 10:50:16] :: SASF RECORDS ARE FOUND!!!
[INFO] [11/Aug/2023 10:50:19] :: CLICKED ON SASF NO.: '08/09/2023**14' || STATUS: 'Rescinded' || CREATOR: 'VENKATESH KAMATH'.
[INFO] [11/Aug/2023 10:50:26] :: 'MATERIAL RESCIND COMMENT INFORMATION (ENGINEERING)' SECTION IS EXPANDED!!!
[INFO] [11/Aug/2023 10:51:01] :: 'MATERIAL APPROVAL INFORMATION (ENGINEERING)' SECTION IS EXPANDED!!!
[INFO] [11/Aug/2023 10:51:06] :: 'VISUAL APPROVAL INFORMATION (ENGINEERING)' SECTION IS EXPANDED!!!
[INFO] [11/Aug/2023 10:51:39] :: 'SASF DETAILS' SCREEN IS VERIFIED!!!
(1) Download the SASF Details in PDF file.
[INFO] [11/Aug/2023 10:51:43] :: CLICKED ON 'PRINT SASF' BUTTON!!!
[INFO] [11/Aug/2023 10:51:48] :: EXPECTED FILE :: SASFDetails.pdf || ACTUAL FILE :: SASFDetails.pdf
[INFO] [11/Aug/2023 10:51:48] :: FILE IS DOWNLOADED!!!
[INFO] [11/Aug/2023 10:51:48] :: FILE IS DELETED!!!
[INFO] [11/Aug/2023 10:51:48] :: 'PRINT SASF' PERFORMED!!!
(2) View History of SASF
[INFO] [11/Aug/2023 10:51:55] :: CLICKED ON 'VIEW HISTORY' BUTTON!!!
[INFO] [11/Aug/2023 10:52:02] :: 'SASF HISTORY' DIALOG IS VERIFIED!!!
[INFO] [11/Aug/2023 10:52:04] :: 'VIEW HISTORY' PERFORMED!!!
<=========================_!!! Edit SASF Details !!!_=========================>
[INFO] [11/Aug/2023 10:52:11] :: CLICKED ON 'EDIT' BUTTON!!!
[INFO] [11/Aug/2023 10:52:13] :: 'SASF DETAILS (EDITABLE)' SCREEN IS VERIFIED!!!
[INFO] [11/Aug/2023 10:52:21] :: Expected Message :: Saved Successfully || Actual Message :: Saved Successfully
[INFO] [11/Aug/2023 10:52:21] :: MESSAGE IS CAPTURED !!!
[INFO] [11/Aug/2023 10:52:28] :: SASF DETAILS EDITAED & SAVED SUCCESSFULLY!!!
[INFO] [11/Aug/2023 10:52:28] :: 'EDIT SASF DETAILS' PERFORMED!!!
<=========================_!!! View List of Supplier Email related to SASF !!!_=========================>
[INFO] [11/Aug/2023 10:52:33] :: CLICKED ON 'EMAIL SUPPLIER' BUTTON!!!
[INFO] [11/Aug/2023 10:52:35] :: 'EMAIL SUPPLIER' DIALOG IS DISPLAYED AND VERIFIED!!!
[INFO] [11/Aug/2023 10:52:39] :: SELECT THE CHECKBOX OF SUPPLIER EMAIL AND CLICK ON 'SEND MAIL' BUTTON!!!
[INFO] [11/Aug/2023 10:53:31] :: Expected Message :: Mail Send Successfully || Actual Message :: Mail Send Successfully
[INFO] [11/Aug/2023 10:53:31] :: MESSAGE IS CAPTURED !!!
[INFO] [11/Aug/2023 10:53:43] :: 'EMAIL SUPPLIER' PERFORMED!!!
<=========================_!!! Delete SASF At Any Stage by Creator of respective Admin or Designer!!!_=========================>
[INFO] [11/Aug/2023 10:53:47] :: CLICKED ON 'EDIT' BUTTON!!!
[INFO] [11/Aug/2023 10:53:49] :: 'SASF DETAILS (EDITABLE)' SCREEN IS VERIFIED!!!
[INFO] [11/Aug/2023 10:53:55] :: CLICKED ON 'DELETE SASF' BUTTON!!!
Expected Message :: Do you want to delete 08/09/2023**14
Actual Message :: Do you want to delete 08/09/2023**14
[INFO] [11/Aug/2023 10:54:04] :: Expected Message :: Deleted Successfully || Actual Message :: Deleted Successfully
[INFO] [11/Aug/2023 10:54:04] :: MESSAGE IS CAPTURED !!!
[INFO] [11/Aug/2023 10:54:11] :: 'DELETE SASF' PERFORMED!!!
[INFO] [11/Aug/2023 10:54:11] :: Test Method resides in com.MTS.test.MasterDevelopmentTestClass

[INFO] [11/Aug/2023 10:54:11] :: Test Method : MTS_MasterDevelopment_010_Rescinded

[INFO] [11/Aug/2023 10:54:11] :: Test Method had the following parameters : Admin

[INFO] [11/Aug/2023 10:54:11] :: Test Status : PASSED

[INFO] [11/Aug/2023 10:54:12] :: BROWSER IS CLOSED !!!
[INFO] [11/Aug/2023 10:54:14] :: TEST REPORT IS READY !!!]]>
  </system-out>
</testsuite> <!-- com.MTS.test.AdminUserTestClass -->
