<?xml version="1.0" encoding="UTF-8"?>
<!-- Generated by org.testng.reporters.JUnitReportReporter -->
<testsuite hostname="01HW2009419" failures="0" tests="2" name="com.MTS.test.LookUpMaterialTypeTestClass" time="64.475" errors="0" timestamp="2023-08-11T13:07:26 IST" skipped="0">
  <testcase classname="com.MTS.test.LookUpMaterialTypeTestClass" name="MTS_MaterialType_001" time="57.016">
    <system-out>
      <![CDATA[[TEST METHOD] [11/Aug/2023 12:35:23] :: ABOUT TO BEGIN EXECUTING :: MTS_MaterialType_001

[INFO] [11/Aug/2023 12:36:03] :: LOGIN TO MTS !!!
[INFO] [11/Aug/2023 12:36:13] :: CLICKED ON 'MTS' LOGO!!!
[INFO] [11/Aug/2023 12:36:14] :: MTS APPLICATIONS NAVIGATION TABS OF 'DESIGNER' ROLE IS VERIFIED!!!
[INFO] [11/Aug/2023 12:36:18] :: LOOKUP - MATERIAL TYPE TAB IS CLICKED !!!
[INFO] [11/Aug/2023 12:36:18] :: LOOKUP - MATERIAL TYPE SCREEN IS VERIFIED!!!
[INFO] [11/Aug/2023 12:36:20] :: Test Method resides in com.MTS.test.LookUpMaterialTypeTestClass

[INFO] [11/Aug/2023 12:36:20] :: Test Method : MTS_MaterialType_001

[INFO] [11/Aug/2023 12:36:20] :: Test Method had the following parameters : Designer

[INFO] [11/Aug/2023 12:36:20] :: Test Status : PASSED
]]>
    </system-out>
  </testcase> <!-- MTS_MaterialType_001 -->
  <testcase classname="com.MTS.test.LookUpMaterialTypeTestClass" name="MTS_MaterialType_005_SearchMaterialType" time="7.459">
    <system-out>
      <![CDATA[[TEST METHOD] [11/Aug/2023 12:36:20] :: ABOUT TO BEGIN EXECUTING :: MTS_MaterialType_005_SearchMaterialType

[INFO] [11/Aug/2023 12:36:20] :: LOOKUP - MATERIAL TYPE RECORDS ARE FOUND!!!
[INFO] [11/Aug/2023 12:36:20] :: CAPTURE THE LOOKUP - MATERIAL TYPE : 'BODYCLOTH' AND STATUS : 'ACTIVE'!!!
[INFO] [11/Aug/2023 12:36:26] :: 'BODYCLOTH' IS SEARCHED!!!
[INFO] [11/Aug/2023 12:36:28] :: Test Method resides in com.MTS.test.LookUpMaterialTypeTestClass

[INFO] [11/Aug/2023 12:36:28] :: Test Method : MTS_MaterialType_005_SearchMaterialType

[INFO] [11/Aug/2023 12:36:28] :: Test Status : PASSED
]]>
    </system-out>
  </testcase> <!-- MTS_MaterialType_005_SearchMaterialType -->
  <system-out>
    <![CDATA[[SUITE] [11/Aug/2023 12:35:17] :: ABOUT TO BEGIN EXECUTING :: DESIGNER

[INFO] [11/Aug/2023 12:35:18] :: STARTED REPORT CREATION !!!
[TEST] [11/Aug/2023 12:35:18] :: ABOUT TO BEGIN EXECUTING :: Supplier Management

[INFO] [11/Aug/2023 12:35:23] :: 'Headless_Chrome' BROWSER IS LAUNCHED !!!
[TEST] [11/Aug/2023 12:35:18] :: ABOUT TO BEGIN EXECUTING :: Lookup - Material Type

[INFO] [11/Aug/2023 12:35:23] :: 'Headless_Chrome' BROWSER IS LAUNCHED !!!
[TEST METHOD] [11/Aug/2023 12:35:23] :: ABOUT TO BEGIN EXECUTING :: MTS_MaterialType_001

[TEST METHOD] [11/Aug/2023 12:35:23] :: ABOUT TO BEGIN EXECUTING :: MTS_SupplierManagement_001

[TEST] [11/Aug/2023 12:35:18] :: ABOUT TO BEGIN EXECUTING :: Master Development

[INFO] [11/Aug/2023 12:35:23] :: 'Headless_Chrome' BROWSER IS LAUNCHED !!!
[TEST] [11/Aug/2023 12:35:18] :: ABOUT TO BEGIN EXECUTING :: Lookup - Administartion

[INFO] [11/Aug/2023 12:35:23] :: 'Headless_Chrome' BROWSER IS LAUNCHED !!!
[TEST METHOD] [11/Aug/2023 12:35:23] :: ABOUT TO BEGIN EXECUTING :: MTS_MasterDevelopment_001

[TEST METHOD] [11/Aug/2023 12:35:23] :: ABOUT TO BEGIN EXECUTING :: MTS_LookUpAdministration_001

[TEST] [11/Aug/2023 12:35:18] :: ABOUT TO BEGIN EXECUTING :: My Profile

[INFO] [11/Aug/2023 12:35:23] :: 'Headless_Chrome' BROWSER IS LAUNCHED !!!
[TEST METHOD] [11/Aug/2023 12:35:23] :: ABOUT TO BEGIN EXECUTING :: MTS_MyProfile_001_ChangeTheme

[INFO] [11/Aug/2023 12:36:00] :: LOGIN TO MTS !!!
[INFO] [11/Aug/2023 12:36:00] :: Test Method resides in com.MTS.test.MasterDevelopmentTestClass

[INFO] [11/Aug/2023 12:36:00] :: Test Method : MTS_MasterDevelopment_001

[INFO] [11/Aug/2023 12:36:00] :: Test Method had the following parameters : Designer

[INFO] [11/Aug/2023 12:36:00] :: Test Status : PASSED

[TEST METHOD] [11/Aug/2023 12:36:00] :: ABOUT TO BEGIN EXECUTING :: MTS_MasterDevelopment_002

[INFO] [11/Aug/2023 12:36:00] :: LOGIN TO MTS !!!
[INFO] [11/Aug/2023 12:36:01] :: LOGIN TO MTS !!!
[INFO] [11/Aug/2023 12:36:02] :: LOGIN TO MTS !!!
[INFO] [11/Aug/2023 12:36:03] :: LOGIN TO MTS !!!
[INFO] [11/Aug/2023 12:36:10] :: CLICKED ON 'MTS' LOGO!!!
[INFO] [11/Aug/2023 12:36:10] :: CLICKED ON 'MTS' LOGO!!!
[INFO] [11/Aug/2023 12:36:10] :: MTS APPLICATIONS NAVIGATION TABS OF 'DESIGNER' ROLE IS VERIFIED!!!
[INFO] [11/Aug/2023 12:36:11] :: MTS APPLICATIONS NAVIGATION TABS OF 'DESIGNER' ROLE IS VERIFIED!!!
[INFO] [11/Aug/2023 12:36:11] :: CLICKED ON 'MTS' LOGO!!!
[INFO] [11/Aug/2023 12:36:12] :: MTS APPLICATIONS NAVIGATION TABS OF 'DESIGNER' ROLE IS VERIFIED!!!
[INFO] [11/Aug/2023 12:36:13] :: CLICKED ON 'MTS' LOGO!!!
[INFO] [11/Aug/2023 12:36:13] :: MTS APPLICATIONS NAVIGATION TABS OF 'DESIGNER' ROLE IS VERIFIED!!!
[INFO] [11/Aug/2023 12:36:13] :: CLICKED ON 'MTS' LOGO!!!
[INFO] [11/Aug/2023 12:36:13] :: MASTER DEVELOPMENT (All SASFs) SCREEN IS VERIFIED!!!
[INFO] [11/Aug/2023 12:36:14] :: MTS APPLICATIONS NAVIGATION TABS OF 'DESIGNER' ROLE IS VERIFIED!!!
[INFO] [11/Aug/2023 12:36:15] :: CLICKED ON 'MY PROFILE' TAB. !!!
[INFO] [11/Aug/2023 12:36:16] :: CLICKED ON 'MY SASF' BUTTON!!!
[INFO] [11/Aug/2023 12:36:16] :: CLICKED ON 'LOOKUP - ADMINISTARTION' TAB.!!!
[INFO] [11/Aug/2023 12:36:16] :: 'LOOKUP - ADMINISTRATION' SCREEN IS VERIFIED!!!
[INFO] [11/Aug/2023 12:36:17] :: 'MY PROFILE' SCREEN IS VERIFIED!!!
[INFO] [11/Aug/2023 12:36:18] :: LOOKUP - MATERIAL TYPE TAB IS CLICKED !!!
[INFO] [11/Aug/2023 12:36:18] :: MASTER DEVELOPMENT (My SASFs) SCREEN IS VERIFIED!!!
[INFO] [11/Aug/2023 12:36:18] :: LOOKUP - MATERIAL TYPE SCREEN IS VERIFIED!!!
[INFO] [11/Aug/2023 12:36:18] :: Test Method resides in com.MTS.test.LookUpAdministrationTestClass

[INFO] [11/Aug/2023 12:36:18] :: Test Method : MTS_LookUpAdministration_001

[INFO] [11/Aug/2023 12:36:18] :: Test Method had the following parameters : Designer

[INFO] [11/Aug/2023 12:36:18] :: Test Status : PASSED

[TEST METHOD] [11/Aug/2023 12:36:18] :: ABOUT TO BEGIN EXECUTING :: MTS_LookUpAdministration_003_ViewSelectedLookupTypeScreen

[INFO] [11/Aug/2023 12:36:18] :: CLICKED ON 'SUPPLIER MANAGEMENT' TAB!!!
[INFO] [11/Aug/2023 12:36:18] :: 'ALL SUPPLIER' SCREEN IS VERIFIED!!!
[INFO] [11/Aug/2023 12:36:19] :: LOOKUP - ADMINISTRATION (MODEL YEAR) SCREEN IS VERIFIED!!!
[INFO] [11/Aug/2023 12:36:20] :: Test Method resides in com.MTS.test.LookUpMaterialTypeTestClass

[INFO] [11/Aug/2023 12:36:20] :: Test Method : MTS_MaterialType_001

[INFO] [11/Aug/2023 12:36:20] :: Test Method had the following parameters : Designer

[INFO] [11/Aug/2023 12:36:20] :: Test Status : PASSED

[TEST METHOD] [11/Aug/2023 12:36:20] :: ABOUT TO BEGIN EXECUTING :: MTS_MaterialType_005_SearchMaterialType

[INFO] [11/Aug/2023 12:36:20] :: LOOKUP - MATERIAL TYPE RECORDS ARE FOUND!!!
[INFO] [11/Aug/2023 12:36:20] :: CAPTURE THE LOOKUP - MATERIAL TYPE : 'BODYCLOTH' AND STATUS : 'ACTIVE'!!!
[INFO] [11/Aug/2023 12:36:21] :: Test Method resides in com.MTS.test.SupplierManagementTestClass

[INFO] [11/Aug/2023 12:36:21] :: Test Method : MTS_SupplierManagement_001

[INFO] [11/Aug/2023 12:36:21] :: Test Method had the following parameters : Designer

[INFO] [11/Aug/2023 12:36:21] :: Test Status : PASSED

[TEST METHOD] [11/Aug/2023 12:36:21] :: ABOUT TO BEGIN EXECUTING :: MTS_SupplierManagement_002_AddNewSupplier

[INFO] [11/Aug/2023 12:36:21] :: LOOKUP VALUE RECORDS ARE FOUND !!!
[INFO] [11/Aug/2023 12:36:21] :: LOOKUP VALUE RECORDS ARE FOUND !!!
[INFO] [11/Aug/2023 12:36:21] :: CAPTURE THE LOOKUP VALUE : '2045' AND STATUS : 'ACTIVE'!!!
[INFO] [11/Aug/2023 12:36:23] :: CLICKED ON 'ADD NEW SUPPLIER' BUTTON!!!
[INFO] [11/Aug/2023 12:36:23] :: Expected Message :: Theme Save Successfully || Actual Message :: Theme Save Successfully
[INFO] [11/Aug/2023 12:36:23] :: MESSAGE IS CAPTURED !!!
[INFO] [11/Aug/2023 12:36:23] :: CLICKED ON 'MTS' LOGO!!!
[INFO] [11/Aug/2023 12:36:25] :: 'SUPPLIER TYPE' IS SELECTED!!!
[INFO] [11/Aug/2023 12:36:25] :: CLICKED ON 'ALL SASF' BUTTON!!!
[INFO] [11/Aug/2023 12:36:25] :: Test Method resides in com.MTS.test.MasterDevelopmentTestClass

[INFO] [11/Aug/2023 12:36:25] :: Test Method : MTS_MasterDevelopment_002

[INFO] [11/Aug/2023 12:36:25] :: Test Method had the following parameters : Designer

[INFO] [11/Aug/2023 12:36:25] :: Test Status : PASSED

[TEST METHOD] [11/Aug/2023 12:36:25] :: ABOUT TO BEGIN EXECUTING :: MTS_MasterDevelopment_003_Search

[INFO] [11/Aug/2023 12:36:25] :: SASF RECORDS ARE FOUND!!!
[INFO] [11/Aug/2023 12:36:25] :: SASF RECORDS ARE FOUND!!!
[INFO] [11/Aug/2023 12:36:26] :: CAPTURED THE SASF NO.: '08/09/2023***9' || STATUS: 'Completed' || CREATOR: 'VENKATESH KAMATH'.
[INFO] [11/Aug/2023 12:36:26] :: 'BODYCLOTH' IS SEARCHED!!!
[INFO] [11/Aug/2023 12:36:26] :: '2045' IS SEARCHED!!!
[INFO] [11/Aug/2023 12:36:28] :: Test Method resides in com.MTS.test.LookUpMaterialTypeTestClass

[INFO] [11/Aug/2023 12:36:28] :: Test Method : MTS_MaterialType_005_SearchMaterialType

[INFO] [11/Aug/2023 12:36:28] :: Test Status : PASSED

[INFO] [11/Aug/2023 12:36:28] :: BROWSER IS CLOSED !!!
[INFO] [11/Aug/2023 12:36:28] :: LOOKUP - ADMINISTRATION (LD RATIO) SCREEN IS VERIFIED!!!
[INFO] [11/Aug/2023 12:36:28] :: 'CREATE SUPPLIER' SCREEN IS VERIFIED!!!
[INFO] [11/Aug/2023 12:36:30] :: LOOKUP VALUE RECORDS ARE FOUND !!!
[INFO] [11/Aug/2023 12:36:30] :: LOOKUP VALUE RECORDS ARE FOUND !!!
[INFO] [11/Aug/2023 12:36:30] :: CAPTURE THE LOOKUP VALUE : '10:1' AND STATUS : 'ACTIVE'!!!
[INFO] [11/Aug/2023 12:36:31] :: '08/09/2023***9' IS SEARCHED!!!
[INFO] [11/Aug/2023 12:36:31] :: SASF RECORDS ARE FOUND!!!
[INFO] [11/Aug/2023 12:36:35] :: APPLICATION THEME IS CHANGED TO <b>Dodge</b>!!!
[INFO] [11/Aug/2023 12:36:35] :: CLICKED ON 'PRINT' BUTTON!!!
[INFO] [11/Aug/2023 12:36:36] :: '10:1' IS SEARCHED!!!
[INFO] [11/Aug/2023 12:36:38] :: LOOKUP - ADMINISTRATION (REGION) SCREEN IS VERIFIED!!!
[INFO] [11/Aug/2023 12:36:40] :: LOOKUP VALUE RECORDS ARE FOUND !!!
[INFO] [11/Aug/2023 12:36:40] :: LOOKUP VALUE RECORDS ARE FOUND !!!
[INFO] [11/Aug/2023 12:36:40] :: CAPTURE THE LOOKUP VALUE : 'South America' AND STATUS : 'ACTIVE'!!!
[INFO] [11/Aug/2023 12:36:40] :: Expected Message :: Theme Save Successfully || Actual Message :: Theme Save Successfully
[INFO] [11/Aug/2023 12:36:40] :: MESSAGE IS CAPTURED !!!
[INFO] [11/Aug/2023 12:36:40] :: EXPECTED FILE :: SearchResult.pdf || ACTUAL FILE :: SearchResult.pdf
[INFO] [11/Aug/2023 12:36:40] :: FILE IS DOWNLOADED!!!
[INFO] [11/Aug/2023 12:36:40] :: FILE IS DELETED!!!
[INFO] [11/Aug/2023 12:36:42] :: 'MATERIAL TYPE' IS SELECTED!!!
[INFO] [11/Aug/2023 12:36:46] :: CLICKED ON 'MTS' LOGO!!!
[INFO] [11/Aug/2023 12:36:46] :: 'South America' IS SEARCHED!!!
[INFO] [11/Aug/2023 12:36:47] :: Test Method resides in com.MTS.test.LookUpAdministrationTestClass

[INFO] [11/Aug/2023 12:36:47] :: Test Method : MTS_LookUpAdministration_003_ViewSelectedLookupTypeScreen

[INFO] [11/Aug/2023 12:36:47] :: Test Method had the following parameters : Reader

[INFO] [11/Aug/2023 12:36:47] :: Test Status : PASSED

[INFO] [11/Aug/2023 12:36:48] :: Expected Message :: Supplier Added Successfully || Actual Message :: Supplier Added Successfully
[INFO] [11/Aug/2023 12:36:48] :: MESSAGE IS CAPTURED !!!
[INFO] [11/Aug/2023 12:36:48] :: CLICKED ON 'ALL SASF' BUTTON!!!
[INFO] [11/Aug/2023 12:36:48] :: Test Method resides in com.MTS.test.MasterDevelopmentTestClass

[INFO] [11/Aug/2023 12:36:48] :: Test Method : MTS_MasterDevelopment_003_Search

[INFO] [11/Aug/2023 12:36:48] :: Test Method had the following parameters : Designer

[INFO] [11/Aug/2023 12:36:48] :: Test Status : PASSED

[TEST METHOD] [11/Aug/2023 12:36:48] :: ABOUT TO BEGIN EXECUTING :: MTS_MasterDevelopment_004_AdvancedSearch

[INFO] [11/Aug/2023 12:36:48] :: SASF RECORDS ARE FOUND!!!
[INFO] [11/Aug/2023 12:36:48] :: SASF RECORDS ARE FOUND!!!
[INFO] [11/Aug/2023 12:36:48] :: BROWSER IS CLOSED !!!
[INFO] [11/Aug/2023 12:36:48] :: CAPTURED THE SASF NO.: '08/09/2023**13' || STATUS: 'Rescinded' || CREATOR: 'VENKATESH KAMATH'.
[INFO] [11/Aug/2023 12:36:50] :: CLICKED ON 'ADVANCED SEARCH' HYPERLINK!!!
[INFO] [11/Aug/2023 12:36:50] :: ADVANCED SEARCH DIALOG IS DISPLAYED!!!
[INFO] [11/Aug/2023 12:36:52] :: APPLICATION THEME IS CHANGED TO <b>Chrysler</b>!!!
[INFO] [11/Aug/2023 12:36:58] :: Expected Message :: Theme Save Successfully || Actual Message :: Theme Save Successfully
[INFO] [11/Aug/2023 12:36:58] :: MESSAGE IS CAPTURED !!!
[INFO] [11/Aug/2023 12:37:00] :: NEW SEPPLIER ADDED SUCCESSFULLY!!!
[INFO] [11/Aug/2023 12:37:04] :: 'Tyzlx LTD' IS SEARCHED!!!
[INFO] [11/Aug/2023 12:37:06] :: Test Method resides in com.MTS.test.SupplierManagementTestClass

[INFO] [11/Aug/2023 12:37:06] :: Test Method : MTS_SupplierManagement_002_AddNewSupplier

[INFO] [11/Aug/2023 12:37:06] :: Test Method had the following parameters : Designer

[INFO] [11/Aug/2023 12:37:06] :: Test Status : PASSED

[TEST METHOD] [11/Aug/2023 12:37:06] :: ABOUT TO BEGIN EXECUTING :: MTS_SupplierManagement_003_Activate_Deactivate

[INFO] [11/Aug/2023 12:37:06] :: SUPPLIER RECORDS ARE FOUND!!!
[INFO] [11/Aug/2023 12:37:06] :: CAPTURED THE SUPPLIER : 'TYZLX LTD'
[INFO] [11/Aug/2023 12:37:08] :: SELECT THE CHECKBOX OF SUPPLIER : 'TYZLX LTD'!!!
[INFO] [11/Aug/2023 12:37:09] :: APPLICATION THEME IS CHANGED TO <b>RAM</b>!!!
[INFO] [11/Aug/2023 12:37:12] :: CLICKED ON 'DEACTIVATE' BUTTON!!!
[INFO] [11/Aug/2023 12:37:12] :: Expected Message :: 1 record deactivated Successfully !!
Actual Message :: 1 record deactivated Successfully !!
[INFO] [11/Aug/2023 12:37:15] :: Expected Message :: Theme Save Successfully || Actual Message :: Theme Save Successfully
[INFO] [11/Aug/2023 12:37:15] :: MESSAGE IS CAPTURED !!!
[INFO] [11/Aug/2023 12:37:16] :: SUPPLIER DEACTIVATED SUCCESSFULLY!!!
[INFO] [11/Aug/2023 12:37:16] :: SUPPLIER RECORDS ARE FOUND!!!
[INFO] [11/Aug/2023 12:37:22] :: 'TYZLX LTD' IS SEARCHED!!!
[INFO] [11/Aug/2023 12:37:24] :: CLICKED ON 'SELECT ADVANCED SEARCH' DROPDOWN !!!
[INFO] [11/Aug/2023 12:37:24] :: SELECT THE CHECKBOX OF SUPPLIER : 'TYZLX LTD'!!!
[INFO] [11/Aug/2023 12:37:26] :: APPLICATION THEME IS CHANGED TO <b>Default</b>!!!
[INFO] [11/Aug/2023 12:37:26] :: Test Method resides in com.MTS.test.MyProfileTestClass

[INFO] [11/Aug/2023 12:37:26] :: Test Method : MTS_MyProfile_001_ChangeTheme

[INFO] [11/Aug/2023 12:37:26] :: Test Method had the following parameters : Designer

[INFO] [11/Aug/2023 12:37:26] :: Test Status : PASSED

[INFO] [11/Aug/2023 12:37:27] :: BROWSER IS CLOSED !!!
[INFO] [11/Aug/2023 12:37:28] :: CLICKED ON 'ACTIVATE' BUTTON!!!
[INFO] [11/Aug/2023 12:37:28] :: Expected Message :: 1 record activated Successfully !!
Actual Message :: 1 record activated Successfully !!
[INFO] [11/Aug/2023 12:37:32] :: SUPPLIER ACTIVATED SUCCESSFULLY!!!
[INFO] [11/Aug/2023 12:37:32] :: Test Method resides in com.MTS.test.SupplierManagementTestClass

[INFO] [11/Aug/2023 12:37:32] :: Test Method : MTS_SupplierManagement_003_Activate_Deactivate

[INFO] [11/Aug/2023 12:37:32] :: Test Status : PASSED

[TEST METHOD] [11/Aug/2023 12:37:32] :: ABOUT TO BEGIN EXECUTING :: MTS_SupplierManagement_004_Edit_Deactivate_Activate

[INFO] [11/Aug/2023 12:37:32] :: SUPPLIER RECORDS ARE FOUND!!!
[INFO] [11/Aug/2023 12:37:33] :: CAPTURED THE SUPPLIER : 'TYZLX LTD'
[INFO] [11/Aug/2023 12:37:35] :: CLICKED ON SUPPLIER NAME : 'TYZLX LTD' HYPERLINK!!!
<b>1) User should be able to view selected Supplier Detail (Non-Editable).</b>
[INFO] [11/Aug/2023 12:37:37] :: 'SUPPLIER DETAILS' (NON - EDITABLE) SCREEN IS VERIFIED!!!
<b>2) User Should be able to Edit selected Supplier Details (Editable).</b>
[INFO] [11/Aug/2023 12:37:38] :: SELECT THE ADV. SEARCH CATAGORY IS 'Designer Name' AND VALUE IS 'VENKATESH KAMATH'!!!
[INFO] [11/Aug/2023 12:37:39] :: CLICKED ON 'EDIT' BUTTON!!!
[INFO] [11/Aug/2023 12:37:42] :: 'SUPPLIER DETAILS' (EDITABLE) SCREEN IS VERIFIED!!!
[INFO] [11/Aug/2023 12:37:42] :: CLICKED ON 'SEARCH' BUTTON!!!
[INFO] [11/Aug/2023 12:37:42] :: SASF RECORDS ARE FOUND!!!
[INFO] [11/Aug/2023 12:37:46] :: CLICKED ON 'PRINT' BUTTON!!!
[INFO] [11/Aug/2023 12:37:50] :: Expected Message :: Saved Successfully || Actual Message :: Saved Successfully
[INFO] [11/Aug/2023 12:37:50] :: MESSAGE IS CAPTURED !!!
[INFO] [11/Aug/2023 12:37:51] :: EXPECTED FILE :: SearchResult.pdf || ACTUAL FILE :: SearchResult.pdf
[INFO] [11/Aug/2023 12:37:51] :: FILE IS DOWNLOADED!!!
[INFO] [11/Aug/2023 12:37:51] :: FILE IS DELETED!!!
[INFO] [11/Aug/2023 12:37:56] :: CLICKED ON 'MTS' LOGO!!!
[INFO] [11/Aug/2023 12:37:57] :: EDITED 'SUPPLIER DETAILS' SAVED SUCCESSFULLY!!!
</b>3) User should be able to Perform 'Deactivate' Supplier., and if User has role like Admin, Designer or Engineer then User able to 'Activate' Same Supplier, Otherwise NOT.</b>
[INFO] [11/Aug/2023 12:37:58] :: CLICKED ON 'ALL SASF' BUTTON!!!
[INFO] [11/Aug/2023 12:37:58] :: Test Method resides in com.MTS.test.MasterDevelopmentTestClass

[INFO] [11/Aug/2023 12:37:58] :: Test Method : MTS_MasterDevelopment_004_AdvancedSearch

[INFO] [11/Aug/2023 12:37:58] :: Test Method had the following parameters : Designer

[INFO] [11/Aug/2023 12:37:58] :: Test Status : PASSED

[TEST METHOD] [11/Aug/2023 12:37:58] :: ABOUT TO BEGIN EXECUTING :: MTS_MasterDevelopment_005_CreateSASF

[INFO] [11/Aug/2023 12:38:00] :: CLICKED ON 'DEACTIVATE SUPPLIER' BUTTON!!!
[INFO] [11/Aug/2023 12:38:00] :: Expected Message :: Deactivated Supplier Successfully
Actual Message :: Deactivated Supplier Successfully
[INFO] [11/Aug/2023 12:38:01] :: CLICKED ON 'ALL SASF' BUTTON!!!
[INFO] [11/Aug/2023 12:38:03] :: CLICKED ON 'CREATE SASF' BUTTON!!!
[INFO] [11/Aug/2023 12:38:04] :: SUPPLIER DEACTIVATED SUCCESSFULLY!!!
[INFO] [11/Aug/2023 12:38:06] :: 'CREATE NEW SASF' SCREEN IS VERIFIED!!!
[INFO] [11/Aug/2023 12:38:08] :: MOVED TO 'ALL SUPPLIER' SCREEN!!!
[INFO] [11/Aug/2023 12:38:08] :: SUPPLIER RECORDS ARE FOUND!!!
[INFO] [11/Aug/2023 12:38:14] :: 'TYZLX LTD' IS SEARCHED!!!
[INFO] [11/Aug/2023 12:38:16] :: SELECT THE CHECKBOX OF SUPPLIER : 'TYZLX LTD'!!!
[INFO] [11/Aug/2023 12:38:20] :: CLICKED ON 'ACTIVATE' BUTTON!!!
[INFO] [11/Aug/2023 12:38:20] :: Expected Message :: 1 record activated Successfully !!
Actual Message :: 1 record activated Successfully !!
[INFO] [11/Aug/2023 12:38:24] :: SUPPLIER ACTIVATED SUCCESSFULLY!!!
[INFO] [11/Aug/2023 12:38:24] :: Test Method resides in com.MTS.test.SupplierManagementTestClass

[INFO] [11/Aug/2023 12:38:24] :: Test Method : MTS_SupplierManagement_004_Edit_Deactivate_Activate

[INFO] [11/Aug/2023 12:38:24] :: Test Method had the following parameters : Designer

[INFO] [11/Aug/2023 12:38:24] :: Test Status : PASSED

[INFO] [11/Aug/2023 12:38:25] :: BROWSER IS CLOSED !!!
[INFO] [11/Aug/2023 12:38:40] :: FILLED THE VALUE IN ALL MANDATORY FIELDS!!!
[INFO] [11/Aug/2023 12:38:43] :: Expected Message :: Generated Successfully || Actual Message :: SASF No.: 08/11/2023***3 , Generated Successfully
[INFO] [11/Aug/2023 12:38:44] :: GENERATED NEW SASF NO : '08/11/2023***3'!!!
[INFO] [11/Aug/2023 12:38:49] :: Test Method resides in com.MTS.test.MasterDevelopmentTestClass

[INFO] [11/Aug/2023 12:38:49] :: Test Method : MTS_MasterDevelopment_005_CreateSASF

[INFO] [11/Aug/2023 12:38:49] :: Test Method had the following parameters : Designer

[INFO] [11/Aug/2023 12:38:49] :: Test Status : PASSED

[TEST METHOD] [11/Aug/2023 12:38:49] :: ABOUT TO BEGIN EXECUTING :: MTS_MasterDevelopment_006_Initiated

[INFO] [11/Aug/2023 12:38:55] :: CLICKED ON 'MTS' LOGO!!!
[INFO] [11/Aug/2023 12:38:57] :: CLICKED ON 'ALL SASF' BUTTON!!!
[INFO] [11/Aug/2023 12:38:59] :: CLICKED ON 'ADVANCED SEARCH' HYPERLINK!!!
[INFO] [11/Aug/2023 12:39:05] :: CLICKED ON 'RESET' BUTTON!!!
[INFO] [11/Aug/2023 12:39:07] :: CLICKED ON 'ADVANCED SEARCH' HYPERLINK!!!
[INFO] [11/Aug/2023 12:39:07] :: ADVANCED SEARCH DIALOG IS DISPLAYED!!!
[INFO] [11/Aug/2023 12:39:40] :: CLICKED ON 'SELECT ADVANCED SEARCH' DROPDOWN !!!
[INFO] [11/Aug/2023 12:39:46] :: SELECT THE ADV. SEARCH CATAGORY IS 'Status' AND VALUE IS 'Initiated'!!!
[INFO] [11/Aug/2023 12:39:46] :: ADVANCED SEARCH DIALOG IS DISPLAYED!!!
[INFO] [11/Aug/2023 12:40:00] :: SELECT THE ADV. SEARCH CATAGORY IS 'Designer Name' AND VALUE IS 'VENKATESH KAMATH'!!!
[INFO] [11/Aug/2023 12:40:02] :: CLICKED ON 'SEARCH' BUTTON!!!
[INFO] [11/Aug/2023 12:40:02] :: SASF RECORDS ARE FOUND!!!
[INFO] [11/Aug/2023 12:40:04] :: CLICKED ON SASF NO.: '08/11/2023***3' || STATUS: 'Initiated' || CREATOR: 'VENKATESH KAMATH'.
[INFO] [11/Aug/2023 12:40:09] :: 'VISUAL APPROVAL INFORMATION (ENGINEERING)' SECTION IS EXPANDED!!!
[INFO] [11/Aug/2023 12:40:42] :: 'SASF DETAILS' SCREEN IS VERIFIED!!!
(1) Download the SASF Details in PDF file.
[INFO] [11/Aug/2023 12:40:46] :: CLICKED ON 'PRINT SASF' BUTTON!!!
[INFO] [11/Aug/2023 12:40:51] :: EXPECTED FILE :: SASFDetails.pdf || ACTUAL FILE :: SASFDetails.pdf
[INFO] [11/Aug/2023 12:40:51] :: FILE IS DOWNLOADED!!!
[INFO] [11/Aug/2023 12:40:51] :: FILE IS DELETED!!!
[INFO] [11/Aug/2023 12:40:51] :: 'PRINT SASF' PERFORMED!!!
(2) View History of SASF
[INFO] [11/Aug/2023 12:40:59] :: CLICKED ON 'VIEW HISTORY' BUTTON!!!
[INFO] [11/Aug/2023 12:41:06] :: 'SASF HISTORY' DIALOG IS VERIFIED!!!
[INFO] [11/Aug/2023 12:41:08] :: 'VIEW HISTORY' PERFORMED!!!
<=========================_!!! Edit SASF Details !!!_=========================>
[INFO] [11/Aug/2023 12:41:15] :: CLICKED ON 'EDIT' BUTTON!!!
[INFO] [11/Aug/2023 12:41:17] :: 'SASF DETAILS (EDITABLE)' SCREEN IS VERIFIED!!!
[INFO] [11/Aug/2023 12:41:25] :: Expected Message :: Saved Successfully || Actual Message :: Saved Successfully
[INFO] [11/Aug/2023 12:41:25] :: MESSAGE IS CAPTURED !!!
[INFO] [11/Aug/2023 12:41:32] :: SASF DETAILS EDITAED & SAVED SUCCESSFULLY!!!
[INFO] [11/Aug/2023 12:41:32] :: 'EDIT SASF DETAILS' PERFORMED!!!
<=========================_!!! View List of Supplier Email related to SASF !!!_=========================>
[INFO] [11/Aug/2023 12:41:37] :: CLICKED ON 'EMAIL SUPPLIER' BUTTON!!!
[INFO] [11/Aug/2023 12:41:39] :: 'EMAIL SUPPLIER' DIALOG IS DISPLAYED AND VERIFIED!!!
[INFO] [11/Aug/2023 12:41:44] :: SELECT THE CHECKBOX OF SUPPLIER EMAIL AND CLICK ON 'SEND MAIL' BUTTON!!!
[INFO] [11/Aug/2023 12:41:45] :: Expected Message :: Mail Send Successfully || Actual Message :: Mail Send Successfully
[INFO] [11/Aug/2023 12:41:45] :: MESSAGE IS CAPTURED !!!
[INFO] [11/Aug/2023 12:41:57] :: 'EMAIL SUPPLIER' PERFORMED!!!
[INFO] [11/Aug/2023 12:42:02] :: CLICKED ON 'MTS' LOGO!!!
[INFO] [11/Aug/2023 12:42:04] :: CLICKED ON 'ALL SASF' BUTTON!!!
[INFO] [11/Aug/2023 12:42:06] :: CLICKED ON 'ADVANCED SEARCH' HYPERLINK!!!
[INFO] [11/Aug/2023 12:42:12] :: CLICKED ON 'RESET' BUTTON!!!
[INFO] [11/Aug/2023 12:42:14] :: CLICKED ON 'ADVANCED SEARCH' HYPERLINK!!!
[INFO] [11/Aug/2023 12:42:14] :: ADVANCED SEARCH DIALOG IS DISPLAYED!!!
[INFO] [11/Aug/2023 12:42:47] :: CLICKED ON 'SELECT ADVANCED SEARCH' DROPDOWN !!!
[INFO] [11/Aug/2023 12:42:53] :: SELECT THE ADV. SEARCH CATAGORY IS 'Status' AND VALUE IS 'Initiated'!!!
[INFO] [11/Aug/2023 12:42:53] :: ADVANCED SEARCH DIALOG IS DISPLAYED!!!
[INFO] [11/Aug/2023 12:43:07] :: SELECT THE ADV. SEARCH CATAGORY IS 'Designer Name' AND VALUE IS 'VENKATESH KAMATH'!!!
[INFO] [11/Aug/2023 12:43:09] :: CLICKED ON 'SEARCH' BUTTON!!!
[INFO] [11/Aug/2023 12:43:09] :: SASF RECORDS ARE FOUND!!!
[INFO] [11/Aug/2023 12:43:12] :: CLICKED ON SASF NO.: '08/11/2023***3' || STATUS: 'Initiated' || CREATOR: 'VENKATESH KAMATH'.
[INFO] [11/Aug/2023 12:43:17] :: 'VISUAL APPROVAL INFORMATION (ENGINEERING)' SECTION IS EXPANDED!!!
[INFO] [11/Aug/2023 12:43:50] :: 'SASF DETAILS' SCREEN IS VERIFIED!!!
<=========================_!!! Delete SASF At Any Stage by Creator of respective Admin or Designer!!!_=========================>
[INFO] [11/Aug/2023 12:43:54] :: CLICKED ON 'EDIT' BUTTON!!!
[INFO] [11/Aug/2023 12:43:56] :: 'SASF DETAILS (EDITABLE)' SCREEN IS VERIFIED!!!
[INFO] [11/Aug/2023 12:44:02] :: CLICKED ON 'DELETE SASF' BUTTON!!!
Expected Message :: Do you want to delete 08/11/2023***3
Actual Message :: Do you want to delete 08/11/2023***3
[INFO] [11/Aug/2023 12:44:12] :: Expected Message :: Deleted Successfully || Actual Message :: Deleted Successfully
[INFO] [11/Aug/2023 12:44:12] :: MESSAGE IS CAPTURED !!!
[INFO] [11/Aug/2023 12:44:18] :: 'DELETE SASF' PERFORMED!!!
[INFO] [11/Aug/2023 12:44:18] :: Test Method resides in com.MTS.test.MasterDevelopmentTestClass

[INFO] [11/Aug/2023 12:44:18] :: Test Method : MTS_MasterDevelopment_006_Initiated

[INFO] [11/Aug/2023 12:44:18] :: Test Method had the following parameters : Designer

[INFO] [11/Aug/2023 12:44:18] :: Test Status : PASSED

[TEST METHOD] [11/Aug/2023 12:44:18] :: ABOUT TO BEGIN EXECUTING :: MTS_MasterDevelopment_007_Completed

[INFO] [11/Aug/2023 12:44:24] :: CLICKED ON 'MTS' LOGO!!!
[INFO] [11/Aug/2023 12:44:26] :: CLICKED ON 'ALL SASF' BUTTON!!!
[INFO] [11/Aug/2023 12:44:28] :: CLICKED ON 'ADVANCED SEARCH' HYPERLINK!!!
[INFO] [11/Aug/2023 12:44:34] :: CLICKED ON 'RESET' BUTTON!!!
[INFO] [11/Aug/2023 12:44:36] :: CLICKED ON 'ADVANCED SEARCH' HYPERLINK!!!
[INFO] [11/Aug/2023 12:44:36] :: ADVANCED SEARCH DIALOG IS DISPLAYED!!!
[INFO] [11/Aug/2023 12:45:09] :: CLICKED ON 'SELECT ADVANCED SEARCH' DROPDOWN !!!
[INFO] [11/Aug/2023 12:45:15] :: SELECT THE ADV. SEARCH CATAGORY IS 'Status' AND VALUE IS 'Approved'!!!
[INFO] [11/Aug/2023 12:45:15] :: ADVANCED SEARCH DIALOG IS DISPLAYED!!!
[INFO] [11/Aug/2023 12:45:29] :: SELECT THE ADV. SEARCH CATAGORY IS 'Designer Name' AND VALUE IS 'VENKATESH KAMATH'!!!
[INFO] [11/Aug/2023 12:45:31] :: CLICKED ON 'SEARCH' BUTTON!!!
[INFO] [11/Aug/2023 12:45:31] :: SASF RECORDS ARE FOUND!!!
[INFO] [11/Aug/2023 12:45:35] :: CLICKED ON SASF NO.: '08/09/2023**10' || STATUS: 'Completed' || CREATOR: 'VENKATESH KAMATH'.
[INFO] [11/Aug/2023 12:45:42] :: 'MATERIAL APPROVAL INFORMATION (ENGINEERING)' SECTION IS EXPANDED!!!
[INFO] [11/Aug/2023 12:45:46] :: 'VISUAL APPROVAL INFORMATION (ENGINEERING)' SECTION IS EXPANDED!!!
[INFO] [11/Aug/2023 12:46:19] :: 'SASF DETAILS' SCREEN IS VERIFIED!!!
(1) Download the SASF Details in PDF file.
[INFO] [11/Aug/2023 12:46:23] :: CLICKED ON 'PRINT SASF' BUTTON!!!
[INFO] [11/Aug/2023 12:46:28] :: EXPECTED FILE :: SASFDetails.pdf || ACTUAL FILE :: SASFDetails.pdf
[INFO] [11/Aug/2023 12:46:28] :: FILE IS DOWNLOADED!!!
[INFO] [11/Aug/2023 12:46:28] :: FILE IS DELETED!!!
[INFO] [11/Aug/2023 12:46:28] :: 'PRINT SASF' PERFORMED!!!
(2) View History of SASF
[INFO] [11/Aug/2023 12:46:36] :: CLICKED ON 'VIEW HISTORY' BUTTON!!!
[INFO] [11/Aug/2023 12:46:42] :: 'SASF HISTORY' DIALOG IS VERIFIED!!!
[INFO] [11/Aug/2023 12:46:45] :: 'VIEW HISTORY' PERFORMED!!!
<=========================_!!! Edit SASF Details !!!_=========================>
[INFO] [11/Aug/2023 12:46:52] :: CLICKED ON 'EDIT' BUTTON!!!
[INFO] [11/Aug/2023 12:46:54] :: 'SASF DETAILS (EDITABLE)' SCREEN IS VERIFIED!!!
[INFO] [11/Aug/2023 12:47:02] :: Expected Message :: Saved Successfully || Actual Message :: Saved Successfully
[INFO] [11/Aug/2023 12:47:02] :: MESSAGE IS CAPTURED !!!
[INFO] [11/Aug/2023 12:47:09] :: SASF DETAILS EDITAED & SAVED SUCCESSFULLY!!!
[INFO] [11/Aug/2023 12:47:09] :: 'EDIT SASF DETAILS' PERFORMED!!!
<=========================_!!! View List of Supplier Email related to SASF !!!_=========================>
[INFO] [11/Aug/2023 12:47:14] :: CLICKED ON 'EMAIL SUPPLIER' BUTTON!!!
[INFO] [11/Aug/2023 12:47:16] :: 'EMAIL SUPPLIER' DIALOG IS DISPLAYED AND VERIFIED!!!
[INFO] [11/Aug/2023 12:47:20] :: SELECT THE CHECKBOX OF SUPPLIER EMAIL AND CLICK ON 'SEND MAIL' BUTTON!!!
[INFO] [11/Aug/2023 12:47:22] :: Expected Message :: Mail Send Successfully || Actual Message :: Mail Send Successfully
[INFO] [11/Aug/2023 12:47:22] :: MESSAGE IS CAPTURED !!!
[INFO] [11/Aug/2023 12:47:34] :: 'EMAIL SUPPLIER' PERFORMED!!!
[INFO] [11/Aug/2023 12:47:39] :: CLICKED ON 'MTS' LOGO!!!
[INFO] [11/Aug/2023 12:47:41] :: CLICKED ON 'ALL SASF' BUTTON!!!
[INFO] [11/Aug/2023 12:47:43] :: CLICKED ON 'ADVANCED SEARCH' HYPERLINK!!!
[INFO] [11/Aug/2023 12:47:49] :: CLICKED ON 'RESET' BUTTON!!!
[INFO] [11/Aug/2023 12:47:51] :: CLICKED ON 'ADVANCED SEARCH' HYPERLINK!!!
[INFO] [11/Aug/2023 12:47:51] :: ADVANCED SEARCH DIALOG IS DISPLAYED!!!
[INFO] [11/Aug/2023 12:48:25] :: CLICKED ON 'SELECT ADVANCED SEARCH' DROPDOWN !!!
[INFO] [11/Aug/2023 12:48:30] :: SELECT THE ADV. SEARCH CATAGORY IS 'Status' AND VALUE IS 'Approved'!!!
[INFO] [11/Aug/2023 12:48:30] :: ADVANCED SEARCH DIALOG IS DISPLAYED!!!
[INFO] [11/Aug/2023 12:48:44] :: SELECT THE ADV. SEARCH CATAGORY IS 'Designer Name' AND VALUE IS 'VENKATESH KAMATH'!!!
[INFO] [11/Aug/2023 12:48:47] :: CLICKED ON 'SEARCH' BUTTON!!!
[INFO] [11/Aug/2023 12:48:47] :: SASF RECORDS ARE FOUND!!!
[INFO] [11/Aug/2023 12:48:49] :: CLICKED ON SASF NO.: '08/09/2023**10' || STATUS: 'Completed' || CREATOR: 'VENKATESH KAMATH'.
[INFO] [11/Aug/2023 12:48:56] :: 'MATERIAL APPROVAL INFORMATION (ENGINEERING)' SECTION IS EXPANDED!!!
[INFO] [11/Aug/2023 12:49:01] :: 'VISUAL APPROVAL INFORMATION (ENGINEERING)' SECTION IS EXPANDED!!!
[INFO] [11/Aug/2023 12:49:34] :: 'SASF DETAILS' SCREEN IS VERIFIED!!!
<=========================_!!! Delete SASF At Any Stage by Creator of respective Admin or Designer!!!_=========================>
[INFO] [11/Aug/2023 12:49:38] :: CLICKED ON 'EDIT' BUTTON!!!
[INFO] [11/Aug/2023 12:49:40] :: 'SASF DETAILS (EDITABLE)' SCREEN IS VERIFIED!!!
[INFO] [11/Aug/2023 12:49:46] :: CLICKED ON 'DELETE SASF' BUTTON!!!
Expected Message :: Do you want to delete 08/09/2023**10
Actual Message :: Do you want to delete 08/09/2023**10
[INFO] [11/Aug/2023 12:49:56] :: Expected Message :: Deleted Successfully || Actual Message :: Deleted Successfully
[INFO] [11/Aug/2023 12:49:56] :: MESSAGE IS CAPTURED !!!
[INFO] [11/Aug/2023 12:50:02] :: 'DELETE SASF' PERFORMED!!!
[INFO] [11/Aug/2023 12:50:08] :: CLICKED ON 'MTS' LOGO!!!
[INFO] [11/Aug/2023 12:50:10] :: CLICKED ON 'ALL SASF' BUTTON!!!
[INFO] [11/Aug/2023 12:50:12] :: CLICKED ON 'ADVANCED SEARCH' HYPERLINK!!!
[INFO] [11/Aug/2023 12:50:18] :: CLICKED ON 'RESET' BUTTON!!!
[INFO] [11/Aug/2023 12:50:20] :: CLICKED ON 'ADVANCED SEARCH' HYPERLINK!!!
[INFO] [11/Aug/2023 12:50:20] :: ADVANCED SEARCH DIALOG IS DISPLAYED!!!
[INFO] [11/Aug/2023 12:50:53] :: CLICKED ON 'SELECT ADVANCED SEARCH' DROPDOWN !!!
[INFO] [11/Aug/2023 12:50:59] :: SELECT THE ADV. SEARCH CATAGORY IS 'Status' AND VALUE IS 'Approved'!!!
[INFO] [11/Aug/2023 12:50:59] :: ADVANCED SEARCH DIALOG IS DISPLAYED!!!
[INFO] [11/Aug/2023 12:51:13] :: SELECT THE ADV. SEARCH CATAGORY IS 'Designer Name' AND VALUE IS 'VENKATESH KAMATH'!!!
[INFO] [11/Aug/2023 12:51:15] :: CLICKED ON 'SEARCH' BUTTON!!!
[INFO] [11/Aug/2023 12:51:15] :: SASF RECORDS ARE FOUND!!!
[INFO] [11/Aug/2023 12:51:18] :: CLICKED ON SASF NO.: '08/09/2023***9' || STATUS: 'Completed' || CREATOR: 'VENKATESH KAMATH'.
[INFO] [11/Aug/2023 12:51:25] :: 'MATERIAL APPROVAL INFORMATION (ENGINEERING)' SECTION IS EXPANDED!!!
[INFO] [11/Aug/2023 12:51:29] :: 'VISUAL APPROVAL INFORMATION (ENGINEERING)' SECTION IS EXPANDED!!!
[INFO] [11/Aug/2023 12:52:02] :: 'SASF DETAILS' SCREEN IS VERIFIED!!!
<=========================_!!! Perform 'Rescind SASF' On 'Completed' Stage !!!_=========================>
[INFO] [11/Aug/2023 12:52:09] :: CLICKED ON 'RESCIND SASF' BUTTON!!!
[INFO] [11/Aug/2023 12:52:19] :: ENTER THE RESCIND NOTE AND CLICKED ON 'RESCIND AND SAVE' BUTTON!!!
[INFO] [11/Aug/2023 12:52:21] :: Expected Message :: SASFs has been rescinded || Actual Message :: SASFs has been rescinded
[INFO] [11/Aug/2023 12:52:21] :: MESSAGE IS CAPTURED !!!
[INFO] [11/Aug/2023 12:52:28] :: 'RESCIND SASF' PERFORMED!!!
[INFO] [11/Aug/2023 12:52:28] :: Test Method resides in com.MTS.test.MasterDevelopmentTestClass

[INFO] [11/Aug/2023 12:52:28] :: Test Method : MTS_MasterDevelopment_007_Completed

[INFO] [11/Aug/2023 12:52:28] :: Test Method had the following parameters : Designer

[INFO] [11/Aug/2023 12:52:28] :: Test Status : PASSED

[TEST METHOD] [11/Aug/2023 12:52:28] :: ABOUT TO BEGIN EXECUTING :: MTS_MasterDevelopment_008_Conditional

[INFO] [11/Aug/2023 12:52:33] :: CLICKED ON 'MTS' LOGO!!!
[INFO] [11/Aug/2023 12:52:35] :: CLICKED ON 'ALL SASF' BUTTON!!!
[INFO] [11/Aug/2023 12:52:37] :: CLICKED ON 'ADVANCED SEARCH' HYPERLINK!!!
[INFO] [11/Aug/2023 12:52:43] :: CLICKED ON 'RESET' BUTTON!!!
[INFO] [11/Aug/2023 12:52:45] :: CLICKED ON 'ADVANCED SEARCH' HYPERLINK!!!
[INFO] [11/Aug/2023 12:52:45] :: ADVANCED SEARCH DIALOG IS DISPLAYED!!!
[INFO] [11/Aug/2023 12:53:19] :: CLICKED ON 'SELECT ADVANCED SEARCH' DROPDOWN !!!
[INFO] [11/Aug/2023 12:53:24] :: SELECT THE ADV. SEARCH CATAGORY IS 'Status' AND VALUE IS 'Conditional'!!!
[INFO] [11/Aug/2023 12:53:24] :: ADVANCED SEARCH DIALOG IS DISPLAYED!!!
[INFO] [11/Aug/2023 12:53:38] :: SELECT THE ADV. SEARCH CATAGORY IS 'Designer Name' AND VALUE IS 'VENKATESH KAMATH'!!!
[INFO] [11/Aug/2023 12:53:40] :: CLICKED ON 'SEARCH' BUTTON!!!
[INFO] [11/Aug/2023 12:53:40] :: SASF RECORDS ARE FOUND!!!
[INFO] [11/Aug/2023 12:53:44] :: CLICKED ON SASF NO.: '08/09/2023***7' || STATUS: 'Conditional' || CREATOR: 'VENKATESH KAMATH'.
[INFO] [11/Aug/2023 12:53:51] :: 'MATERIAL APPROVAL COMMENT WITH CONDITION INFORMATION (ENGINEERING)' SECTION IS EXPANDED!!!
[INFO] [11/Aug/2023 12:53:55] :: 'VISUAL APPROVAL INFORMATION (ENGINEERING)' SECTION IS EXPANDED!!!
[INFO] [11/Aug/2023 12:54:28] :: 'SASF DETAILS' SCREEN IS VERIFIED!!!
(1) Download the SASF Details in PDF file.
[INFO] [11/Aug/2023 12:54:32] :: CLICKED ON 'PRINT SASF' BUTTON!!!
[INFO] [11/Aug/2023 12:54:37] :: EXPECTED FILE :: SASFDetails.pdf || ACTUAL FILE :: SASFDetails.pdf
[INFO] [11/Aug/2023 12:54:37] :: FILE IS DOWNLOADED!!!
[INFO] [11/Aug/2023 12:54:37] :: FILE IS DELETED!!!
[INFO] [11/Aug/2023 12:54:37] :: 'PRINT SASF' PERFORMED!!!
(2) View History of SASF
[INFO] [11/Aug/2023 12:54:45] :: CLICKED ON 'VIEW HISTORY' BUTTON!!!
[INFO] [11/Aug/2023 12:54:51] :: 'SASF HISTORY' DIALOG IS VERIFIED!!!
[INFO] [11/Aug/2023 12:54:54] :: 'VIEW HISTORY' PERFORMED!!!
<=========================_!!! Edit SASF Details !!!_=========================>
[INFO] [11/Aug/2023 12:55:01] :: CLICKED ON 'EDIT' BUTTON!!!
[INFO] [11/Aug/2023 12:55:03] :: 'SASF DETAILS (EDITABLE)' SCREEN IS VERIFIED!!!
[INFO] [11/Aug/2023 12:55:11] :: Expected Message :: Saved Successfully || Actual Message :: Saved Successfully
[INFO] [11/Aug/2023 12:55:11] :: MESSAGE IS CAPTURED !!!
[INFO] [11/Aug/2023 12:55:18] :: SASF DETAILS EDITAED & SAVED SUCCESSFULLY!!!
[INFO] [11/Aug/2023 12:55:18] :: 'EDIT SASF DETAILS' PERFORMED!!!
<=========================_!!! View List of Supplier Email related to SASF !!!_=========================>
[INFO] [11/Aug/2023 12:55:23] :: CLICKED ON 'EMAIL SUPPLIER' BUTTON!!!
[INFO] [11/Aug/2023 12:55:25] :: 'EMAIL SUPPLIER' DIALOG IS DISPLAYED AND VERIFIED!!!
[INFO] [11/Aug/2023 12:55:29] :: SELECT THE CHECKBOX OF SUPPLIER EMAIL AND CLICK ON 'SEND MAIL' BUTTON!!!
[INFO] [11/Aug/2023 12:55:29] :: Expected Message :: Mail Send Successfully || Actual Message :: Mail Send Successfully
[INFO] [11/Aug/2023 12:55:29] :: MESSAGE IS CAPTURED !!!
[INFO] [11/Aug/2023 12:55:41] :: 'EMAIL SUPPLIER' PERFORMED!!!
[INFO] [11/Aug/2023 12:55:46] :: CLICKED ON 'MTS' LOGO!!!
[INFO] [11/Aug/2023 12:55:49] :: CLICKED ON 'ALL SASF' BUTTON!!!
[INFO] [11/Aug/2023 12:55:51] :: CLICKED ON 'ADVANCED SEARCH' HYPERLINK!!!
[INFO] [11/Aug/2023 12:55:56] :: CLICKED ON 'RESET' BUTTON!!!
[INFO] [11/Aug/2023 12:55:59] :: CLICKED ON 'ADVANCED SEARCH' HYPERLINK!!!
[INFO] [11/Aug/2023 12:55:59] :: ADVANCED SEARCH DIALOG IS DISPLAYED!!!
[INFO] [11/Aug/2023 12:56:32] :: CLICKED ON 'SELECT ADVANCED SEARCH' DROPDOWN !!!
[INFO] [11/Aug/2023 12:56:38] :: SELECT THE ADV. SEARCH CATAGORY IS 'Status' AND VALUE IS 'Conditional'!!!
[INFO] [11/Aug/2023 12:56:38] :: ADVANCED SEARCH DIALOG IS DISPLAYED!!!
[INFO] [11/Aug/2023 12:56:52] :: SELECT THE ADV. SEARCH CATAGORY IS 'Designer Name' AND VALUE IS 'VENKATESH KAMATH'!!!
[INFO] [11/Aug/2023 12:56:54] :: CLICKED ON 'SEARCH' BUTTON!!!
[INFO] [11/Aug/2023 12:56:54] :: SASF RECORDS ARE FOUND!!!
[INFO] [11/Aug/2023 12:56:57] :: CLICKED ON SASF NO.: '08/09/2023***7' || STATUS: 'Conditional' || CREATOR: 'VENKATESH KAMATH'.
[INFO] [11/Aug/2023 12:57:04] :: 'MATERIAL APPROVAL COMMENT WITH CONDITION INFORMATION (ENGINEERING)' SECTION IS EXPANDED!!!
[INFO] [11/Aug/2023 12:57:08] :: 'VISUAL APPROVAL INFORMATION (ENGINEERING)' SECTION IS EXPANDED!!!
[INFO] [11/Aug/2023 12:57:41] :: 'SASF DETAILS' SCREEN IS VERIFIED!!!
<=========================_!!! Delete SASF At Any Stage by Creator of respective Admin or Designer!!!_=========================>
[INFO] [11/Aug/2023 12:57:45] :: CLICKED ON 'EDIT' BUTTON!!!
[INFO] [11/Aug/2023 12:57:48] :: 'SASF DETAILS (EDITABLE)' SCREEN IS VERIFIED!!!
[INFO] [11/Aug/2023 12:57:54] :: CLICKED ON 'DELETE SASF' BUTTON!!!
Expected Message :: Do you want to delete 08/09/2023***7
Actual Message :: Do you want to delete 08/09/2023***7
[INFO] [11/Aug/2023 12:58:03] :: Expected Message :: Deleted Successfully || Actual Message :: Deleted Successfully
[INFO] [11/Aug/2023 12:58:03] :: MESSAGE IS CAPTURED !!!
[INFO] [11/Aug/2023 12:58:10] :: 'DELETE SASF' PERFORMED!!!
[INFO] [11/Aug/2023 12:58:15] :: CLICKED ON 'MTS' LOGO!!!
[INFO] [11/Aug/2023 12:58:17] :: CLICKED ON 'ALL SASF' BUTTON!!!
[INFO] [11/Aug/2023 12:58:19] :: CLICKED ON 'ADVANCED SEARCH' HYPERLINK!!!
[INFO] [11/Aug/2023 12:58:25] :: CLICKED ON 'RESET' BUTTON!!!
[INFO] [11/Aug/2023 12:58:27] :: CLICKED ON 'ADVANCED SEARCH' HYPERLINK!!!
[INFO] [11/Aug/2023 12:58:27] :: ADVANCED SEARCH DIALOG IS DISPLAYED!!!
[INFO] [11/Aug/2023 12:59:01] :: CLICKED ON 'SELECT ADVANCED SEARCH' DROPDOWN !!!
[INFO] [11/Aug/2023 12:59:06] :: SELECT THE ADV. SEARCH CATAGORY IS 'Status' AND VALUE IS 'Conditional'!!!
[INFO] [11/Aug/2023 12:59:06] :: ADVANCED SEARCH DIALOG IS DISPLAYED!!!
[INFO] [11/Aug/2023 12:59:20] :: SELECT THE ADV. SEARCH CATAGORY IS 'Designer Name' AND VALUE IS 'VENKATESH KAMATH'!!!
[INFO] [11/Aug/2023 12:59:23] :: CLICKED ON 'SEARCH' BUTTON!!!
[INFO] [11/Aug/2023 12:59:23] :: SASF RECORDS ARE FOUND!!!
[INFO] [11/Aug/2023 12:59:25] :: CLICKED ON SASF NO.: '08/09/2023***6' || STATUS: 'Conditional' || CREATOR: 'VENKATESH KAMATH'.
[INFO] [11/Aug/2023 12:59:32] :: 'MATERIAL APPROVAL COMMENT WITH CONDITION INFORMATION (ENGINEERING)' SECTION IS EXPANDED!!!
[INFO] [11/Aug/2023 12:59:37] :: 'VISUAL APPROVAL INFORMATION (ENGINEERING)' SECTION IS EXPANDED!!!
[INFO] [11/Aug/2023 01:00:09] :: 'SASF DETAILS' SCREEN IS VERIFIED!!!
<=========================_!!! Perform 'Rescind SASF' On 'Conditional' Stage !!!_=========================>
[INFO] [11/Aug/2023 01:00:17] :: CLICKED ON 'RESCIND SASF' BUTTON!!!
[INFO] [11/Aug/2023 01:00:27] :: ENTER THE RESCIND NOTE AND CLICKED ON 'RESCIND AND SAVE' BUTTON!!!
[INFO] [11/Aug/2023 01:00:29] :: Expected Message :: SASFs has been rescinded || Actual Message :: SASFs has been rescinded
[INFO] [11/Aug/2023 01:00:29] :: MESSAGE IS CAPTURED !!!
[INFO] [11/Aug/2023 01:00:36] :: 'RESCIND SASF' PERFORMED!!!
[INFO] [11/Aug/2023 01:00:36] :: Test Method resides in com.MTS.test.MasterDevelopmentTestClass

[INFO] [11/Aug/2023 01:00:36] :: Test Method : MTS_MasterDevelopment_008_Conditional

[INFO] [11/Aug/2023 01:00:36] :: Test Method had the following parameters : Designer

[INFO] [11/Aug/2023 01:00:36] :: Test Status : PASSED

[TEST METHOD] [11/Aug/2023 01:00:36] :: ABOUT TO BEGIN EXECUTING :: MTS_MasterDevelopment_009_Rejected

[INFO] [11/Aug/2023 01:00:41] :: CLICKED ON 'MTS' LOGO!!!
[INFO] [11/Aug/2023 01:00:44] :: CLICKED ON 'ALL SASF' BUTTON!!!
[INFO] [11/Aug/2023 01:00:46] :: CLICKED ON 'ADVANCED SEARCH' HYPERLINK!!!
[INFO] [11/Aug/2023 01:00:51] :: CLICKED ON 'RESET' BUTTON!!!
[INFO] [11/Aug/2023 01:00:54] :: CLICKED ON 'ADVANCED SEARCH' HYPERLINK!!!
[INFO] [11/Aug/2023 01:00:54] :: ADVANCED SEARCH DIALOG IS DISPLAYED!!!
[INFO] [11/Aug/2023 01:01:27] :: CLICKED ON 'SELECT ADVANCED SEARCH' DROPDOWN !!!
[INFO] [11/Aug/2023 01:01:32] :: SELECT THE ADV. SEARCH CATAGORY IS 'Status' AND VALUE IS 'Rejected'!!!
[INFO] [11/Aug/2023 01:01:33] :: ADVANCED SEARCH DIALOG IS DISPLAYED!!!
[INFO] [11/Aug/2023 01:01:47] :: SELECT THE ADV. SEARCH CATAGORY IS 'Designer Name' AND VALUE IS 'VENKATESH KAMATH'!!!
[INFO] [11/Aug/2023 01:01:49] :: CLICKED ON 'SEARCH' BUTTON!!!
[INFO] [11/Aug/2023 01:01:49] :: SASF RECORDS ARE FOUND!!!
[INFO] [11/Aug/2023 01:01:52] :: CLICKED ON SASF NO.: '08/03/2023***3' || STATUS: 'Rejected' || CREATOR: 'VENKATESH KAMATH'.
[INFO] [11/Aug/2023 01:01:58] :: 'MATERIAL REJECTION COMMENT INFORMATION (ENGINEERING)' SECTION IS EXPANDED!!!
[INFO] [11/Aug/2023 01:02:03] :: 'VISUAL APPROVAL INFORMATION (ENGINEERING)' SECTION IS EXPANDED!!!
[INFO] [11/Aug/2023 01:02:36] :: 'SASF DETAILS' SCREEN IS VERIFIED!!!
(1) Download the SASF Details in PDF file.
[INFO] [11/Aug/2023 01:02:40] :: CLICKED ON 'PRINT SASF' BUTTON!!!
[INFO] [11/Aug/2023 01:02:45] :: EXPECTED FILE :: SASFDetails.pdf || ACTUAL FILE :: SASFDetails.pdf
[INFO] [11/Aug/2023 01:02:45] :: FILE IS DOWNLOADED!!!
[INFO] [11/Aug/2023 01:02:45] :: FILE IS DELETED!!!
[INFO] [11/Aug/2023 01:02:45] :: 'PRINT SASF' PERFORMED!!!
(2) View History of SASF
[INFO] [11/Aug/2023 01:02:52] :: CLICKED ON 'VIEW HISTORY' BUTTON!!!
[INFO] [11/Aug/2023 01:02:59] :: 'SASF HISTORY' DIALOG IS VERIFIED!!!
[INFO] [11/Aug/2023 01:03:01] :: 'VIEW HISTORY' PERFORMED!!!
<=========================_!!! Edit SASF Details !!!_=========================>
[INFO] [11/Aug/2023 01:03:09] :: CLICKED ON 'EDIT' BUTTON!!!
[INFO] [11/Aug/2023 01:03:11] :: 'SASF DETAILS (EDITABLE)' SCREEN IS VERIFIED!!!
[INFO] [11/Aug/2023 01:03:18] :: Expected Message :: Saved Successfully || Actual Message :: Saved Successfully
[INFO] [11/Aug/2023 01:03:18] :: MESSAGE IS CAPTURED !!!
[INFO] [11/Aug/2023 01:03:25] :: SASF DETAILS EDITAED & SAVED SUCCESSFULLY!!!
[INFO] [11/Aug/2023 01:03:25] :: 'EDIT SASF DETAILS' PERFORMED!!!
<=========================_!!! View List of Supplier Email related to SASF !!!_=========================>
[INFO] [11/Aug/2023 01:03:30] :: CLICKED ON 'EMAIL SUPPLIER' BUTTON!!!
[INFO] [11/Aug/2023 01:03:32] :: 'EMAIL SUPPLIER' DIALOG IS DISPLAYED AND VERIFIED!!!
[INFO] [11/Aug/2023 01:03:36] :: SELECT THE CHECKBOX OF SUPPLIER EMAIL AND CLICK ON 'SEND MAIL' BUTTON!!!
[INFO] [11/Aug/2023 01:03:36] :: Expected Message :: Mail Send Successfully || Actual Message :: Mail Send Successfully
[INFO] [11/Aug/2023 01:03:36] :: MESSAGE IS CAPTURED !!!
[INFO] [11/Aug/2023 01:03:48] :: 'EMAIL SUPPLIER' PERFORMED!!!
[INFO] [11/Aug/2023 01:03:53] :: CLICKED ON 'MTS' LOGO!!!
[INFO] [11/Aug/2023 01:03:56] :: CLICKED ON 'ALL SASF' BUTTON!!!
[INFO] [11/Aug/2023 01:03:58] :: CLICKED ON 'ADVANCED SEARCH' HYPERLINK!!!
[INFO] [11/Aug/2023 01:04:03] :: CLICKED ON 'RESET' BUTTON!!!
[INFO] [11/Aug/2023 01:04:06] :: CLICKED ON 'ADVANCED SEARCH' HYPERLINK!!!
[INFO] [11/Aug/2023 01:04:06] :: ADVANCED SEARCH DIALOG IS DISPLAYED!!!
[INFO] [11/Aug/2023 01:04:39] :: CLICKED ON 'SELECT ADVANCED SEARCH' DROPDOWN !!!
[INFO] [11/Aug/2023 01:04:45] :: SELECT THE ADV. SEARCH CATAGORY IS 'Status' AND VALUE IS 'Rejected'!!!
[INFO] [11/Aug/2023 01:04:45] :: ADVANCED SEARCH DIALOG IS DISPLAYED!!!
[INFO] [11/Aug/2023 01:04:59] :: SELECT THE ADV. SEARCH CATAGORY IS 'Designer Name' AND VALUE IS 'VENKATESH KAMATH'!!!
[INFO] [11/Aug/2023 01:05:01] :: CLICKED ON 'SEARCH' BUTTON!!!
[INFO] [11/Aug/2023 01:05:01] :: SASF RECORDS ARE FOUND!!!
[INFO] [11/Aug/2023 01:05:04] :: CLICKED ON SASF NO.: '08/03/2023***3' || STATUS: 'Rejected' || CREATOR: 'VENKATESH KAMATH'.
[INFO] [11/Aug/2023 01:05:11] :: 'MATERIAL REJECTION COMMENT INFORMATION (ENGINEERING)' SECTION IS EXPANDED!!!
[INFO] [11/Aug/2023 01:05:15] :: 'VISUAL APPROVAL INFORMATION (ENGINEERING)' SECTION IS EXPANDED!!!
[INFO] [11/Aug/2023 01:05:48] :: 'SASF DETAILS' SCREEN IS VERIFIED!!!
<=========================_!!! Delete SASF At Any Stage by Creator of respective Admin or Designer!!!_=========================>
[INFO] [11/Aug/2023 01:05:52] :: CLICKED ON 'EDIT' BUTTON!!!
[INFO] [11/Aug/2023 01:05:54] :: 'SASF DETAILS (EDITABLE)' SCREEN IS VERIFIED!!!
[INFO] [11/Aug/2023 01:06:00] :: CLICKED ON 'DELETE SASF' BUTTON!!!
Expected Message :: Do you want to delete 08/03/2023***3
Actual Message :: Do you want to delete 08/03/2023***3
[INFO] [11/Aug/2023 01:06:09] :: Expected Message :: Deleted Successfully || Actual Message :: Something went wrong
[INFO] [11/Aug/2023 01:06:09] :: MESSAGE IS CAPTURED !!!
[INFO] [11/Aug/2023 01:06:09] :: Test Method resides in com.MTS.test.MasterDevelopmentTestClass

[INFO] [11/Aug/2023 01:06:09] :: Test Method : MTS_MasterDevelopment_009_Rejected

[INFO] [11/Aug/2023 01:06:09] :: Test Method had the following parameters : Designer

[INFO] [11/Aug/2023 01:06:09] :: Test Status : FAILED

[TEST METHOD] [11/Aug/2023 01:06:11] :: ABOUT TO BEGIN EXECUTING :: MTS_MasterDevelopment_010_Rescinded

[INFO] [11/Aug/2023 01:06:16] :: CLICKED ON 'MTS' LOGO!!!
[INFO] [11/Aug/2023 01:07:19] :: Test Method resides in com.MTS.test.MasterDevelopmentTestClass

[INFO] [11/Aug/2023 01:07:19] :: Test Method : MTS_MasterDevelopment_010_Rescinded

[INFO] [11/Aug/2023 01:07:19] :: Test Method had the following parameters : Designer

[INFO] [11/Aug/2023 01:07:19] :: Test Status : FAILED

[INFO] [11/Aug/2023 01:07:23] :: BROWSER IS CLOSED !!!
[INFO] [11/Aug/2023 01:07:25] :: TEST REPORT IS READY !!!]]>
  </system-out>
</testsuite> <!-- com.MTS.test.LookUpMaterialTypeTestClass -->
